{"C:\\Users\\yahya\\Downloads\\Collaboration-Tool-main\\Collaboration-Tool-main\\mocks\\fileMock.JS": {"path":"C:\\Users\\yahya\\Downloads\\Collaboration-Tool-main\\Collaboration-Tool-main\\mocks\\fileMock.JS","statementMap":{"0":{"start":{"line":1,"column":0},"end":{"line":1,"column":34}}},"fnMap":{},"branchMap":{},"s":{"0":1},"f":{},"b":{},"inputSourceMap":null,"_coverageSchema":"1a1c01bbd47fc00a2c39e90264f33305004495a9","hash":"a530c60e8515a076e23ceaa3cc4d42524f82a249"}
,"C:\\Users\\yahya\\Downloads\\Collaboration-Tool-main\\Collaboration-Tool-main\\src\\components\\db.jsx": {"path":"C:\\Users\\yahya\\Downloads\\Collaboration-Tool-main\\Collaboration-Tool-main\\src\\components\\db.jsx","statementMap":{"0":{"start":{"line":5,"column":11},"end":{"line":15,"column":1}},"1":{"start":{"line":7,"column":2},"end":{"line":14,"column":4}}},"fnMap":{"0":{"name":"(anonymous_0)","decl":{"start":{"line":5,"column":11},"end":{"line":5,"column":12}},"loc":{"start":{"line":5,"column":17},"end":{"line":15,"column":1}},"line":5}},"branchMap":{},"s":{"0":1,"1":0},"f":{"0":0},"b":{},"_coverageSchema":"1a1c01bbd47fc00a2c39e90264f33305004495a9","hash":"dc1eba2d95c10c6b53977f24805fda80cf930dd9"}
,"C:\\Users\\yahya\\Downloads\\Collaboration-Tool-main\\Collaboration-Tool-main\\src\\components\\navbar.jsx": {"path":"C:\\Users\\yahya\\Downloads\\Collaboration-Tool-main\\Collaboration-Tool-main\\src\\components\\navbar.jsx","statementMap":{"0":{"start":{"line":8,"column":15},"end":{"line":87,"column":1}},"1":{"start":{"line":9,"column":50},"end":{"line":9,"column":65}},"2":{"start":{"line":10,"column":20},"end":{"line":10,"column":36}},"3":{"start":{"line":11,"column":18},"end":{"line":11,"column":30}},"4":{"start":{"line":14,"column":23},"end":{"line":16,"column":3}},"5":{"start":{"line":15,"column":4},"end":{"line":15,"column":43}},"6":{"start":{"line":18,"column":2},"end":{"line":22,"column":23}},"7":{"start":{"line":19,"column":4},"end":{"line":21,"column":5}},"8":{"start":{"line":20,"column":6},"end":{"line":20,"column":33}},"9":{"start":{"line":24,"column":2},"end":{"line":86,"column":4}},"10":{"start":{"line":40,"column":18},"end":{"line":42,"column":23}},"11":{"start":{"line":67,"column":16},"end":{"line":69,"column":21}}},"fnMap":{"0":{"name":"(anonymous_0)","decl":{"start":{"line":8,"column":15},"end":{"line":8,"column":16}},"loc":{"start":{"line":8,"column":21},"end":{"line":87,"column":1}},"line":8},"1":{"name":"(anonymous_1)","decl":{"start":{"line":14,"column":23},"end":{"line":14,"column":24}},"loc":{"start":{"line":14,"column":29},"end":{"line":16,"column":3}},"line":14},"2":{"name":"(anonymous_2)","decl":{"start":{"line":18,"column":12},"end":{"line":18,"column":13}},"loc":{"start":{"line":18,"column":18},"end":{"line":22,"column":3}},"line":18},"3":{"name":"(anonymous_3)","decl":{"start":{"line":39,"column":30},"end":{"line":39,"column":31}},"loc":{"start":{"line":40,"column":18},"end":{"line":42,"column":23}},"line":40},"4":{"name":"(anonymous_4)","decl":{"start":{"line":66,"column":28},"end":{"line":66,"column":29}},"loc":{"start":{"line":67,"column":16},"end":{"line":69,"column":21}},"line":67}},"branchMap":{"0":{"loc":{"start":{"line":19,"column":4},"end":{"line":21,"column":5}},"type":"if","locations":[{"start":{"line":19,"column":4},"end":{"line":21,"column":5}},{"start":{},"end":{}}],"line":19},"1":{"loc":{"start":{"line":33,"column":13},"end":{"line":45,"column":13}},"type":"cond-expr","locations":[{"start":{"line":34,"column":14},"end":{"line":36,"column":18}},{"start":{"line":38,"column":14},"end":{"line":44,"column":19}}],"line":33},"2":{"loc":{"start":{"line":47,"column":11},"end":{"line":56,"column":11}},"type":"binary-expr","locations":[{"start":{"line":47,"column":11},"end":{"line":47,"column":17}},{"start":{"line":48,"column":12},"end":{"line":55,"column":18}}],"line":47},"3":{"loc":{"start":{"line":59,"column":15},"end":{"line":59,"column":50}},"type":"cond-expr","locations":[{"start":{"line":59,"column":34},"end":{"line":59,"column":39}},{"start":{"line":59,"column":42},"end":{"line":59,"column":50}}],"line":59},"4":{"loc":{"start":{"line":63,"column":9},"end":{"line":83,"column":9}},"type":"binary-expr","locations":[{"start":{"line":63,"column":9},"end":{"line":63,"column":25}},{"start":{"line":64,"column":10},"end":{"line":82,"column":16}}],"line":63},"5":{"loc":{"start":{"line":72,"column":13},"end":{"line":81,"column":13}},"type":"binary-expr","locations":[{"start":{"line":72,"column":13},"end":{"line":72,"column":19}},{"start":{"line":73,"column":14},"end":{"line":80,"column":20}}],"line":72}},"s":{"0":1,"1":0,"2":0,"3":0,"4":0,"5":0,"6":0,"7":0,"8":0,"9":0,"10":0,"11":0},"f":{"0":0,"1":0,"2":0,"3":0,"4":0},"b":{"0":[0,0],"1":[0,0],"2":[0,0],"3":[0,0],"4":[0,0],"5":[0,0]},"_coverageSchema":"1a1c01bbd47fc00a2c39e90264f33305004495a9","hash":"2dc8ed9004bdbd30f6143a56dfc7e2335ee3addc"}
,"C:\\Users\\yahya\\Downloads\\Collaboration-Tool-main\\Collaboration-Tool-main\\src\\components\\dashboard\\board.tsx": {"path":"C:\\Users\\yahya\\Downloads\\Collaboration-Tool-main\\Collaboration-Tool-main\\src\\components\\dashboard\\board.tsx","statementMap":{"0":{"start":{"line":14,"column":13},"end":{"line":226,"column":1}},"1":{"start":{"line":16,"column":30},"end":{"line":16,"column":46}},"2":{"start":{"line":19,"column":32},"end":{"line":25,"column":4}},"3":{"start":{"line":26,"column":36},"end":{"line":26,"column":51}},"4":{"start":{"line":27,"column":46},"end":{"line":27,"column":58}},"5":{"start":{"line":28,"column":36},"end":{"line":28,"column":51}},"6":{"start":{"line":29,"column":20},"end":{"line":29,"column":48}},"7":{"start":{"line":31,"column":2},"end":{"line":34,"column":9}},"8":{"start":{"line":32,"column":4},"end":{"line":32,"column":17}},"9":{"start":{"line":36,"column":21},"end":{"line":59,"column":3}},"10":{"start":{"line":37,"column":4},"end":{"line":58,"column":5}},"11":{"start":{"line":38,"column":23},"end":{"line":38,"column":95}},"12":{"start":{"line":39,"column":104},"end":{"line":39,"column":117}},"13":{"start":{"line":41,"column":6},"end":{"line":47,"column":9}},"14":{"start":{"line":49,"column":6},"end":{"line":49,"column":52}},"15":{"start":{"line":51,"column":6},"end":{"line":57,"column":9}},"16":{"start":{"line":62,"column":20},"end":{"line":65,"column":3}},"17":{"start":{"line":63,"column":4},"end":{"line":63,"column":32}},"18":{"start":{"line":64,"column":4},"end":{"line":64,"column":23}},"19":{"start":{"line":68,"column":21},"end":{"line":70,"column":3}},"20":{"start":{"line":69,"column":4},"end":{"line":69,"column":24}},"21":{"start":{"line":73,"column":21},"end":{"line":75,"column":3}},"22":{"start":{"line":74,"column":4},"end":{"line":74,"column":51}},"23":{"start":{"line":78,"column":24},"end":{"line":83,"column":3}},"24":{"start":{"line":79,"column":20},"end":{"line":79,"column":53}},"25":{"start":{"line":80,"column":21},"end":{"line":80,"column":35}},"26":{"start":{"line":81,"column":4},"end":{"line":81,"column":49}},"27":{"start":{"line":82,"column":4},"end":{"line":82,"column":25}},"28":{"start":{"line":86,"column":27},"end":{"line":90,"column":3}},"29":{"start":{"line":87,"column":21},"end":{"line":87,"column":35}},"30":{"start":{"line":88,"column":4},"end":{"line":88,"column":98}},"31":{"start":{"line":88,"column":78},"end":{"line":88,"column":96}},"32":{"start":{"line":89,"column":4},"end":{"line":89,"column":25}},"33":{"start":{"line":92,"column":20},"end":{"line":111,"column":3}},"34":{"start":{"line":93,"column":18},"end":{"line":101,"column":5}},"35":{"start":{"line":102,"column":4},"end":{"line":110,"column":5}},"36":{"start":{"line":103,"column":6},"end":{"line":103,"column":77}},"37":{"start":{"line":104,"column":6},"end":{"line":104,"column":27}},"38":{"start":{"line":105,"column":6},"end":{"line":105,"column":24}},"39":{"start":{"line":106,"column":6},"end":{"line":106,"column":24}},"40":{"start":{"line":108,"column":6},"end":{"line":108,"column":50}},"41":{"start":{"line":109,"column":6},"end":{"line":109,"column":88}},"42":{"start":{"line":113,"column":28},"end":{"line":136,"column":3}},"43":{"start":{"line":114,"column":4},"end":{"line":114,"column":23}},"44":{"start":{"line":117,"column":4},"end":{"line":133,"column":5}},"45":{"start":{"line":118,"column":6},"end":{"line":132,"column":7}},"46":{"start":{"line":119,"column":23},"end":{"line":119,"column":89}},"47":{"start":{"line":120,"column":24},"end":{"line":120,"column":53}},"48":{"start":{"line":123,"column":25},"end":{"line":123,"column":28}},"49":{"start":{"line":124,"column":26},"end":{"line":124,"column":67}},"50":{"start":{"line":126,"column":20},"end":{"line":126,"column":46}},"51":{"start":{"line":127,"column":8},"end":{"line":127,"column":64}},"52":{"start":{"line":128,"column":8},"end":{"line":128,"column":37}},"53":{"start":{"line":130,"column":8},"end":{"line":130,"column":69}},"54":{"start":{"line":131,"column":8},"end":{"line":131,"column":72}},"55":{"start":{"line":135,"column":4},"end":{"line":135,"column":24}},"56":{"start":{"line":138,"column":29},"end":{"line":140,"column":3}},"57":{"start":{"line":139,"column":4},"end":{"line":139,"column":88}},"58":{"start":{"line":139,"column":61},"end":{"line":139,"column":86}},"59":{"start":{"line":143,"column":2},"end":{"line":225,"column":4}},"60":{"start":{"line":146,"column":51},"end":{"line":146,"column":89}},"61":{"start":{"line":151,"column":12},"end":{"line":200,"column":18}},"62":{"start":{"line":155,"column":18},"end":{"line":189,"column":24}},"63":{"start":{"line":166,"column":22},"end":{"line":186,"column":34}},"64":{"start":{"line":172,"column":26},"end":{"line":184,"column":29}},"65":{"start":{"line":179,"column":47},"end":{"line":179,"column":82}},"66":{"start":{"line":194,"column":31},"end":{"line":194,"column":50}}},"fnMap":{"0":{"name":"(anonymous_0)","decl":{"start":{"line":14,"column":13},"end":{"line":14,"column":14}},"loc":{"start":{"line":14,"column":19},"end":{"line":226,"column":1}},"line":14},"1":{"name":"(anonymous_1)","decl":{"start":{"line":31,"column":12},"end":{"line":31,"column":13}},"loc":{"start":{"line":31,"column":18},"end":{"line":34,"column":3}},"line":31},"2":{"name":"(anonymous_2)","decl":{"start":{"line":36,"column":21},"end":{"line":36,"column":22}},"loc":{"start":{"line":36,"column":33},"end":{"line":59,"column":3}},"line":36},"3":{"name":"(anonymous_3)","decl":{"start":{"line":62,"column":20},"end":{"line":62,"column":21}},"loc":{"start":{"line":62,"column":39},"end":{"line":65,"column":3}},"line":62},"4":{"name":"(anonymous_4)","decl":{"start":{"line":68,"column":21},"end":{"line":68,"column":22}},"loc":{"start":{"line":68,"column":27},"end":{"line":70,"column":3}},"line":68},"5":{"name":"(anonymous_5)","decl":{"start":{"line":73,"column":21},"end":{"line":73,"column":22}},"loc":{"start":{"line":73,"column":27},"end":{"line":75,"column":3}},"line":73},"6":{"name":"(anonymous_6)","decl":{"start":{"line":78,"column":24},"end":{"line":78,"column":25}},"loc":{"start":{"line":78,"column":43},"end":{"line":83,"column":3}},"line":78},"7":{"name":"(anonymous_7)","decl":{"start":{"line":86,"column":27},"end":{"line":86,"column":28}},"loc":{"start":{"line":86,"column":65},"end":{"line":90,"column":3}},"line":86},"8":{"name":"(anonymous_8)","decl":{"start":{"line":88,"column":63},"end":{"line":88,"column":64}},"loc":{"start":{"line":88,"column":78},"end":{"line":88,"column":96}},"line":88},"9":{"name":"(anonymous_9)","decl":{"start":{"line":92,"column":20},"end":{"line":92,"column":21}},"loc":{"start":{"line":92,"column":32},"end":{"line":111,"column":3}},"line":92},"10":{"name":"(anonymous_10)","decl":{"start":{"line":113,"column":28},"end":{"line":113,"column":29}},"loc":{"start":{"line":113,"column":40},"end":{"line":136,"column":3}},"line":113},"11":{"name":"(anonymous_11)","decl":{"start":{"line":138,"column":29},"end":{"line":138,"column":30}},"loc":{"start":{"line":138,"column":35},"end":{"line":140,"column":3}},"line":138},"12":{"name":"(anonymous_12)","decl":{"start":{"line":139,"column":51},"end":{"line":139,"column":52}},"loc":{"start":{"line":139,"column":61},"end":{"line":139,"column":86}},"line":139},"13":{"name":"(anonymous_13)","decl":{"start":{"line":146,"column":34},"end":{"line":146,"column":35}},"loc":{"start":{"line":146,"column":51},"end":{"line":146,"column":89}},"line":146},"14":{"name":"(anonymous_14)","decl":{"start":{"line":150,"column":39},"end":{"line":150,"column":40}},"loc":{"start":{"line":151,"column":12},"end":{"line":200,"column":18}},"line":151},"15":{"name":"(anonymous_15)","decl":{"start":{"line":154,"column":17},"end":{"line":154,"column":18}},"loc":{"start":{"line":155,"column":18},"end":{"line":189,"column":24}},"line":155},"16":{"name":"(anonymous_16)","decl":{"start":{"line":165,"column":38},"end":{"line":165,"column":39}},"loc":{"start":{"line":166,"column":22},"end":{"line":186,"column":34}},"line":166},"17":{"name":"(anonymous_17)","decl":{"start":{"line":171,"column":25},"end":{"line":171,"column":26}},"loc":{"start":{"line":172,"column":26},"end":{"line":184,"column":29}},"line":172},"18":{"name":"(anonymous_18)","decl":{"start":{"line":179,"column":41},"end":{"line":179,"column":42}},"loc":{"start":{"line":179,"column":47},"end":{"line":179,"column":82}},"line":179},"19":{"name":"(anonymous_19)","decl":{"start":{"line":194,"column":25},"end":{"line":194,"column":26}},"loc":{"start":{"line":194,"column":31},"end":{"line":194,"column":50}},"line":194}},"branchMap":{"0":{"loc":{"start":{"line":39,"column":14},"end":{"line":39,"column":31}},"type":"default-arg","locations":[{"start":{"line":39,"column":29},"end":{"line":39,"column":31}}],"line":39},"1":{"loc":{"start":{"line":39,"column":33},"end":{"line":39,"column":50}},"type":"default-arg","locations":[{"start":{"line":39,"column":48},"end":{"line":39,"column":50}}],"line":39},"2":{"loc":{"start":{"line":39,"column":52},"end":{"line":39,"column":66}},"type":"default-arg","locations":[{"start":{"line":39,"column":64},"end":{"line":39,"column":66}}],"line":39},"3":{"loc":{"start":{"line":39,"column":68},"end":{"line":39,"column":83}},"type":"default-arg","locations":[{"start":{"line":39,"column":81},"end":{"line":39,"column":83}}],"line":39},"4":{"loc":{"start":{"line":39,"column":85},"end":{"line":39,"column":99}},"type":"default-arg","locations":[{"start":{"line":39,"column":97},"end":{"line":39,"column":99}}],"line":39},"5":{"loc":{"start":{"line":117,"column":4},"end":{"line":133,"column":5}},"type":"if","locations":[{"start":{"line":117,"column":4},"end":{"line":133,"column":5}},{"start":{},"end":{}}],"line":117},"6":{"loc":{"start":{"line":139,"column":11},"end":{"line":139,"column":87}},"type":"binary-expr","locations":[{"start":{"line":139,"column":11},"end":{"line":139,"column":18}},{"start":{"line":139,"column":22},"end":{"line":139,"column":87}}],"line":139},"7":{"loc":{"start":{"line":167,"column":29},"end":{"line":167,"column":80}},"type":"cond-expr","locations":[{"start":{"line":167,"column":40},"end":{"line":167,"column":59}},{"start":{"line":167,"column":62},"end":{"line":167,"column":80}}],"line":167},"8":{"loc":{"start":{"line":168,"column":37},"end":{"line":168,"column":88}},"type":"cond-expr","locations":[{"start":{"line":168,"column":48},"end":{"line":168,"column":67}},{"start":{"line":168,"column":70},"end":{"line":168,"column":88}}],"line":168},"9":{"loc":{"start":{"line":214,"column":22},"end":{"line":214,"column":55}},"type":"binary-expr","locations":[{"start":{"line":214,"column":22},"end":{"line":214,"column":31}},{"start":{"line":214,"column":35},"end":{"line":214,"column":55}}],"line":214},"10":{"loc":{"start":{"line":215,"column":236},"end":{"line":215,"column":284}},"type":"cond-expr","locations":[{"start":{"line":215,"column":248},"end":{"line":215,"column":279}},{"start":{"line":215,"column":282},"end":{"line":215,"column":284}}],"line":215},"11":{"loc":{"start":{"line":217,"column":13},"end":{"line":217,"column":70}},"type":"cond-expr","locations":[{"start":{"line":217,"column":25},"end":{"line":217,"column":39}},{"start":{"line":217,"column":42},"end":{"line":217,"column":70}}],"line":217}},"s":{"0":1,"1":0,"2":0,"3":0,"4":0,"5":0,"6":0,"7":0,"8":0,"9":0,"10":0,"11":0,"12":0,"13":0,"14":0,"15":0,"16":0,"17":0,"18":0,"19":0,"20":0,"21":0,"22":0,"23":0,"24":0,"25":0,"26":0,"27":0,"28":0,"29":0,"30":0,"31":0,"32":0,"33":0,"34":0,"35":0,"36":0,"37":0,"38":0,"39":0,"40":0,"41":0,"42":0,"43":0,"44":0,"45":0,"46":0,"47":0,"48":0,"49":0,"50":0,"51":0,"52":0,"53":0,"54":0,"55":0,"56":0,"57":0,"58":0,"59":0,"60":0,"61":0,"62":0,"63":0,"64":0,"65":0,"66":0},"f":{"0":0,"1":0,"2":0,"3":0,"4":0,"5":0,"6":0,"7":0,"8":0,"9":0,"10":0,"11":0,"12":0,"13":0,"14":0,"15":0,"16":0,"17":0,"18":0,"19":0},"b":{"0":[0],"1":[0],"2":[0],"3":[0],"4":[0],"5":[0,0],"6":[0,0],"7":[0,0],"8":[0,0],"9":[0,0],"10":[0,0],"11":[0,0]},"_coverageSchema":"1a1c01bbd47fc00a2c39e90264f33305004495a9","hash":"155360c5d99cd0e404de6f1028584f414e8f47b9"}
,"C:\\Users\\yahya\\Downloads\\Collaboration-Tool-main\\Collaboration-Tool-main\\src\\components\\dashboard\\chart.jsx": {"path":"C:\\Users\\yahya\\Downloads\\Collaboration-Tool-main\\Collaboration-Tool-main\\src\\components\\dashboard\\chart.jsx","statementMap":{"0":{"start":{"line":14,"column":0},"end":{"line":22,"column":2}},"1":{"start":{"line":24,"column":23},"end":{"line":35,"column":1}},"2":{"start":{"line":37,"column":23},"end":{"line":54,"column":1}},"3":{"start":{"line":38,"column":20},"end":{"line":51,"column":3}},"4":{"start":{"line":44,"column":28},"end":{"line":44,"column":84}},"5":{"start":{"line":44,"column":45},"end":{"line":44,"column":83}},"6":{"start":{"line":45,"column":10},"end":{"line":45,"column":49}},"7":{"start":{"line":53,"column":2},"end":{"line":53,"column":129}},"8":{"start":{"line":56,"column":0},"end":{"line":60,"column":2}}},"fnMap":{"0":{"name":"(anonymous_0)","decl":{"start":{"line":37,"column":23},"end":{"line":37,"column":24}},"loc":{"start":{"line":37,"column":52},"end":{"line":54,"column":1}},"line":37},"1":{"name":"(anonymous_1)","decl":{"start":{"line":43,"column":25},"end":{"line":43,"column":26}},"loc":{"start":{"line":43,"column":43},"end":{"line":46,"column":9}},"line":43},"2":{"name":"(anonymous_2)","decl":{"start":{"line":44,"column":38},"end":{"line":44,"column":39}},"loc":{"start":{"line":44,"column":45},"end":{"line":44,"column":83}},"line":44}},"branchMap":{"0":{"loc":{"start":{"line":44,"column":45},"end":{"line":44,"column":83}},"type":"binary-expr","locations":[{"start":{"line":44,"column":45},"end":{"line":44,"column":60}},{"start":{"line":44,"column":64},"end":{"line":44,"column":83}}],"line":44},"1":{"loc":{"start":{"line":45,"column":17},"end":{"line":45,"column":48}},"type":"cond-expr","locations":[{"start":{"line":45,"column":29},"end":{"line":45,"column":44}},{"start":{"line":45,"column":47},"end":{"line":45,"column":48}}],"line":45}},"s":{"0":1,"1":1,"2":1,"3":0,"4":0,"5":0,"6":0,"7":0,"8":1},"f":{"0":0,"1":0,"2":0},"b":{"0":[0,0],"1":[0,0]},"_coverageSchema":"1a1c01bbd47fc00a2c39e90264f33305004495a9","hash":"4383e810c8468bd71989950d8817aa0529affa57"}
,"C:\\Users\\yahya\\Downloads\\Collaboration-Tool-main\\Collaboration-Tool-main\\src\\components\\dashboard\\dashboard.jsx": {"path":"C:\\Users\\yahya\\Downloads\\Collaboration-Tool-main\\Collaboration-Tool-main\\src\\components\\dashboard\\dashboard.jsx","statementMap":{"0":{"start":{"line":9,"column":13},"end":{"line":9,"column":15}},"1":{"start":{"line":11,"column":19},"end":{"line":19,"column":1}},"2":{"start":{"line":12,"column":2},"end":{"line":18,"column":3}},"3":{"start":{"line":13,"column":21},"end":{"line":13,"column":93}},"4":{"start":{"line":14,"column":4},"end":{"line":14,"column":25}},"5":{"start":{"line":16,"column":4},"end":{"line":16,"column":50}},"6":{"start":{"line":17,"column":4},"end":{"line":17,"column":14}},"7":{"start":{"line":21,"column":20},"end":{"line":47,"column":1}},"8":{"start":{"line":22,"column":2},"end":{"line":46,"column":3}},"9":{"start":{"line":23,"column":77},"end":{"line":23,"column":100}},"10":{"start":{"line":24,"column":21},"end":{"line":30,"column":5}},"11":{"start":{"line":32,"column":4},"end":{"line":32,"column":18}},"12":{"start":{"line":34,"column":4},"end":{"line":43,"column":7}},"13":{"start":{"line":35,"column":47},"end":{"line":35,"column":51}},"14":{"start":{"line":36,"column":20},"end":{"line":36,"column":40}},"15":{"start":{"line":38,"column":20},"end":{"line":40,"column":15}},"16":{"start":{"line":39,"column":8},"end":{"line":39,"column":86}},"17":{"start":{"line":42,"column":6},"end":{"line":42,"column":25}},"18":{"start":{"line":45,"column":4},"end":{"line":45,"column":51}},"19":{"start":{"line":49,"column":20},"end":{"line":52,"column":1}},"20":{"start":{"line":50,"column":2},"end":{"line":50,"column":47}},"21":{"start":{"line":50,"column":26},"end":{"line":50,"column":45}},"22":{"start":{"line":51,"column":2},"end":{"line":51,"column":14}},"23":{"start":{"line":54,"column":27},"end":{"line":61,"column":1}},"24":{"start":{"line":55,"column":2},"end":{"line":60,"column":3}},"25":{"start":{"line":56,"column":21},"end":{"line":56,"column":110}},"26":{"start":{"line":57,"column":4},"end":{"line":57,"column":31}},"27":{"start":{"line":59,"column":4},"end":{"line":59,"column":58}},"28":{"start":{"line":63,"column":18},"end":{"line":195,"column":1}},"29":{"start":{"line":64,"column":30},"end":{"line":64,"column":46}},"30":{"start":{"line":65,"column":38},"end":{"line":65,"column":50}},"31":{"start":{"line":66,"column":52},"end":{"line":66,"column":64}},"32":{"start":{"line":67,"column":44},"end":{"line":67,"column":56}},"33":{"start":{"line":68,"column":36},"end":{"line":68,"column":48}},"34":{"start":{"line":69,"column":46},"end":{"line":69,"column":64}},"35":{"start":{"line":70,"column":28},"end":{"line":70,"column":42}},"36":{"start":{"line":72,"column":2},"end":{"line":108,"column":24}},"37":{"start":{"line":73,"column":22},"end":{"line":90,"column":5}},"38":{"start":{"line":74,"column":6},"end":{"line":89,"column":7}},"39":{"start":{"line":75,"column":35},"end":{"line":75,"column":96}},"40":{"start":{"line":76,"column":8},"end":{"line":76,"column":54}},"41":{"start":{"line":78,"column":42},"end":{"line":78,"column":108}},"42":{"start":{"line":79,"column":8},"end":{"line":79,"column":68}},"43":{"start":{"line":81,"column":38},"end":{"line":81,"column":104}},"44":{"start":{"line":82,"column":8},"end":{"line":82,"column":60}},"45":{"start":{"line":84,"column":34},"end":{"line":84,"column":96}},"46":{"start":{"line":85,"column":8},"end":{"line":85,"column":52}},"47":{"start":{"line":88,"column":8},"end":{"line":88,"column":53}},"48":{"start":{"line":92,"column":4},"end":{"line":92,"column":16}},"49":{"start":{"line":93,"column":4},"end":{"line":95,"column":5}},"50":{"start":{"line":94,"column":6},"end":{"line":94,"column":25}},"51":{"start":{"line":97,"column":27},"end":{"line":99,"column":5}},"52":{"start":{"line":98,"column":6},"end":{"line":98,"column":21}},"53":{"start":{"line":101,"column":4},"end":{"line":101,"column":56}},"54":{"start":{"line":103,"column":4},"end":{"line":106,"column":6}},"55":{"start":{"line":104,"column":6},"end":{"line":104,"column":20}},"56":{"start":{"line":105,"column":6},"end":{"line":105,"column":61}},"57":{"start":{"line":110,"column":2},"end":{"line":114,"column":36}},"58":{"start":{"line":111,"column":23},"end":{"line":111,"column":60}},"59":{"start":{"line":113,"column":4},"end":{"line":113,"column":43}},"60":{"start":{"line":113,"column":17},"end":{"line":113,"column":42}},"61":{"start":{"line":116,"column":29},"end":{"line":129,"column":3}},"62":{"start":{"line":117,"column":4},"end":{"line":128,"column":5}},"63":{"start":{"line":118,"column":23},"end":{"line":118,"column":99}},"64":{"start":{"line":119,"column":31},"end":{"line":119,"column":44}},"65":{"start":{"line":120,"column":6},"end":{"line":123,"column":7}},"66":{"start":{"line":121,"column":8},"end":{"line":121,"column":35}},"67":{"start":{"line":122,"column":8},"end":{"line":122,"column":47}},"68":{"start":{"line":122,"column":25},"end":{"line":122,"column":39}},"69":{"start":{"line":124,"column":6},"end":{"line":124,"column":41}},"70":{"start":{"line":127,"column":6},"end":{"line":127,"column":60}},"71":{"start":{"line":131,"column":22},"end":{"line":131,"column":74}},"72":{"start":{"line":132,"column":20},"end":{"line":137,"column":3}},"73":{"start":{"line":139,"column":2},"end":{"line":143,"column":9}},"74":{"start":{"line":141,"column":27},"end":{"line":141,"column":51}},"75":{"start":{"line":142,"column":4},"end":{"line":142,"column":39}},"76":{"start":{"line":145,"column":2},"end":{"line":194,"column":4}}},"fnMap":{"0":{"name":"(anonymous_0)","decl":{"start":{"line":11,"column":19},"end":{"line":11,"column":20}},"loc":{"start":{"line":11,"column":36},"end":{"line":19,"column":1}},"line":11},"1":{"name":"(anonymous_1)","decl":{"start":{"line":21,"column":20},"end":{"line":21,"column":21}},"loc":{"start":{"line":21,"column":37},"end":{"line":47,"column":1}},"line":21},"2":{"name":"(anonymous_2)","decl":{"start":{"line":34,"column":21},"end":{"line":34,"column":22}},"loc":{"start":{"line":34,"column":29},"end":{"line":43,"column":5}},"line":34},"3":{"name":"(anonymous_3)","decl":{"start":{"line":38,"column":31},"end":{"line":38,"column":32}},"loc":{"start":{"line":38,"column":43},"end":{"line":40,"column":7}},"line":38},"4":{"name":"(anonymous_4)","decl":{"start":{"line":49,"column":20},"end":{"line":49,"column":21}},"loc":{"start":{"line":49,"column":26},"end":{"line":52,"column":1}},"line":49},"5":{"name":"(anonymous_5)","decl":{"start":{"line":50,"column":17},"end":{"line":50,"column":18}},"loc":{"start":{"line":50,"column":26},"end":{"line":50,"column":45}},"line":50},"6":{"name":"(anonymous_6)","decl":{"start":{"line":54,"column":27},"end":{"line":54,"column":28}},"loc":{"start":{"line":54,"column":51},"end":{"line":61,"column":1}},"line":54},"7":{"name":"(anonymous_7)","decl":{"start":{"line":63,"column":18},"end":{"line":63,"column":19}},"loc":{"start":{"line":63,"column":24},"end":{"line":195,"column":1}},"line":63},"8":{"name":"(anonymous_8)","decl":{"start":{"line":72,"column":12},"end":{"line":72,"column":13}},"loc":{"start":{"line":72,"column":18},"end":{"line":108,"column":3}},"line":72},"9":{"name":"(anonymous_9)","decl":{"start":{"line":73,"column":22},"end":{"line":73,"column":23}},"loc":{"start":{"line":73,"column":34},"end":{"line":90,"column":5}},"line":73},"10":{"name":"(anonymous_10)","decl":{"start":{"line":97,"column":27},"end":{"line":97,"column":28}},"loc":{"start":{"line":97,"column":33},"end":{"line":99,"column":5}},"line":97},"11":{"name":"(anonymous_11)","decl":{"start":{"line":103,"column":11},"end":{"line":103,"column":12}},"loc":{"start":{"line":103,"column":17},"end":{"line":106,"column":5}},"line":103},"12":{"name":"(anonymous_12)","decl":{"start":{"line":110,"column":12},"end":{"line":110,"column":13}},"loc":{"start":{"line":110,"column":18},"end":{"line":114,"column":3}},"line":110},"13":{"name":"(anonymous_13)","decl":{"start":{"line":113,"column":11},"end":{"line":113,"column":12}},"loc":{"start":{"line":113,"column":17},"end":{"line":113,"column":42}},"line":113},"14":{"name":"(anonymous_14)","decl":{"start":{"line":116,"column":29},"end":{"line":116,"column":30}},"loc":{"start":{"line":116,"column":41},"end":{"line":129,"column":3}},"line":116},"15":{"name":"(anonymous_15)","decl":{"start":{"line":122,"column":19},"end":{"line":122,"column":20}},"loc":{"start":{"line":122,"column":25},"end":{"line":122,"column":39}},"line":122},"16":{"name":"(anonymous_16)","decl":{"start":{"line":139,"column":12},"end":{"line":139,"column":13}},"loc":{"start":{"line":139,"column":18},"end":{"line":143,"column":3}},"line":139}},"branchMap":{"0":{"loc":{"start":{"line":93,"column":4},"end":{"line":95,"column":5}},"type":"if","locations":[{"start":{"line":93,"column":4},"end":{"line":95,"column":5}},{"start":{},"end":{}}],"line":93},"1":{"loc":{"start":{"line":120,"column":6},"end":{"line":123,"column":7}},"type":"if","locations":[{"start":{"line":120,"column":6},"end":{"line":123,"column":7}},{"start":{},"end":{}}],"line":120},"2":{"loc":{"start":{"line":155,"column":7},"end":{"line":159,"column":7}},"type":"binary-expr","locations":[{"start":{"line":155,"column":7},"end":{"line":155,"column":12}},{"start":{"line":156,"column":8},"end":{"line":158,"column":14}}],"line":155}},"s":{"0":1,"1":1,"2":0,"3":0,"4":0,"5":0,"6":0,"7":1,"8":0,"9":0,"10":0,"11":0,"12":0,"13":0,"14":0,"15":0,"16":0,"17":0,"18":0,"19":1,"20":0,"21":0,"22":0,"23":1,"24":0,"25":0,"26":0,"27":0,"28":1,"29":0,"30":0,"31":0,"32":0,"33":0,"34":0,"35":0,"36":0,"37":0,"38":0,"39":0,"40":0,"41":0,"42":0,"43":0,"44":0,"45":0,"46":0,"47":0,"48":0,"49":0,"50":0,"51":0,"52":0,"53":0,"54":0,"55":0,"56":0,"57":0,"58":0,"59":0,"60":0,"61":0,"62":0,"63":0,"64":0,"65":0,"66":0,"67":0,"68":0,"69":0,"70":0,"71":0,"72":0,"73":0,"74":0,"75":0,"76":0},"f":{"0":0,"1":0,"2":0,"3":0,"4":0,"5":0,"6":0,"7":0,"8":0,"9":0,"10":0,"11":0,"12":0,"13":0,"14":0,"15":0,"16":0},"b":{"0":[0,0],"1":[0,0],"2":[0,0]},"_coverageSchema":"1a1c01bbd47fc00a2c39e90264f33305004495a9","hash":"617aaf1f5dbd1c356931e856274cc21db5ad7ad3"}
,"C:\\Users\\yahya\\Downloads\\Collaboration-Tool-main\\Collaboration-Tool-main\\src\\components\\dashboard\\dashboard_navbar.jsx": {"path":"C:\\Users\\yahya\\Downloads\\Collaboration-Tool-main\\Collaboration-Tool-main\\src\\components\\dashboard\\dashboard_navbar.jsx","statementMap":{"0":{"start":{"line":20,"column":17},"end":{"line":23,"column":1}},"1":{"start":{"line":25,"column":17},"end":{"line":91,"column":1}},"2":{"start":{"line":94,"column":38},"end":{"line":94,"column":52}},"3":{"start":{"line":95,"column":40},"end":{"line":95,"column":51}},"4":{"start":{"line":96,"column":40},"end":{"line":96,"column":67}},"5":{"start":{"line":98,"column":2},"end":{"line":108,"column":9}},"6":{"start":{"line":99,"column":25},"end":{"line":104,"column":5}},"7":{"start":{"line":100,"column":6},"end":{"line":100,"column":40}},"8":{"start":{"line":101,"column":6},"end":{"line":103,"column":7}},"9":{"start":{"line":102,"column":8},"end":{"line":102,"column":29}},"10":{"start":{"line":106,"column":4},"end":{"line":106,"column":52}},"11":{"start":{"line":107,"column":4},"end":{"line":107,"column":68}},"12":{"start":{"line":107,"column":17},"end":{"line":107,"column":67}},"13":{"start":{"line":110,"column":2},"end":{"line":156,"column":4}},"14":{"start":{"line":129,"column":10},"end":{"line":152,"column":16}},"15":{"start":{"line":132,"column":31},"end":{"line":132,"column":52}}},"fnMap":{"0":{"name":"Navbar","decl":{"start":{"line":93,"column":9},"end":{"line":93,"column":15}},"loc":{"start":{"line":93,"column":18},"end":{"line":157,"column":1}},"line":93},"1":{"name":"(anonymous_1)","decl":{"start":{"line":98,"column":12},"end":{"line":98,"column":13}},"loc":{"start":{"line":98,"column":18},"end":{"line":108,"column":3}},"line":98},"2":{"name":"(anonymous_2)","decl":{"start":{"line":99,"column":25},"end":{"line":99,"column":26}},"loc":{"start":{"line":99,"column":31},"end":{"line":104,"column":5}},"line":99},"3":{"name":"(anonymous_3)","decl":{"start":{"line":107,"column":11},"end":{"line":107,"column":12}},"loc":{"start":{"line":107,"column":17},"end":{"line":107,"column":67}},"line":107},"4":{"name":"(anonymous_4)","decl":{"start":{"line":128,"column":22},"end":{"line":128,"column":23}},"loc":{"start":{"line":129,"column":10},"end":{"line":152,"column":16}},"line":129},"5":{"name":"(anonymous_5)","decl":{"start":{"line":132,"column":25},"end":{"line":132,"column":26}},"loc":{"start":{"line":132,"column":31},"end":{"line":132,"column":52}},"line":132}},"branchMap":{"0":{"loc":{"start":{"line":101,"column":6},"end":{"line":103,"column":7}},"type":"if","locations":[{"start":{"line":101,"column":6},"end":{"line":103,"column":7}},{"start":{},"end":{}}],"line":101},"1":{"loc":{"start":{"line":112,"column":15},"end":{"line":112,"column":54}},"type":"cond-expr","locations":[{"start":{"line":112,"column":28},"end":{"line":112,"column":38}},{"start":{"line":112,"column":41},"end":{"line":112,"column":54}}],"line":112},"2":{"loc":{"start":{"line":116,"column":9},"end":{"line":116,"column":51}},"type":"cond-expr","locations":[{"start":{"line":116,"column":22},"end":{"line":116,"column":29}},{"start":{"line":116,"column":32},"end":{"line":116,"column":51}}],"line":116},"3":{"loc":{"start":{"line":124,"column":25},"end":{"line":124,"column":57}},"type":"cond-expr","locations":[{"start":{"line":124,"column":39},"end":{"line":124,"column":47}},{"start":{"line":124,"column":50},"end":{"line":124,"column":57}}],"line":124},"4":{"loc":{"start":{"line":135,"column":19},"end":{"line":137,"column":34}},"type":"cond-expr","locations":[{"start":{"line":136,"column":22},"end":{"line":136,"column":47}},{"start":{"line":137,"column":22},"end":{"line":137,"column":34}}],"line":135},"5":{"loc":{"start":{"line":138,"column":19},"end":{"line":138,"column":45}},"type":"cond-expr","locations":[{"start":{"line":138,"column":33},"end":{"line":138,"column":40}},{"start":{"line":138,"column":43},"end":{"line":138,"column":45}}],"line":138},"6":{"loc":{"start":{"line":147,"column":33},"end":{"line":147,"column":65}},"type":"cond-expr","locations":[{"start":{"line":147,"column":47},"end":{"line":147,"column":55}},{"start":{"line":147,"column":58},"end":{"line":147,"column":65}}],"line":147}},"s":{"0":1,"1":1,"2":0,"3":0,"4":0,"5":0,"6":0,"7":0,"8":0,"9":0,"10":0,"11":0,"12":0,"13":0,"14":0,"15":0},"f":{"0":0,"1":0,"2":0,"3":0,"4":0,"5":0},"b":{"0":[0,0],"1":[0,0],"2":[0,0],"3":[0,0],"4":[0,0],"5":[0,0],"6":[0,0]},"_coverageSchema":"1a1c01bbd47fc00a2c39e90264f33305004495a9","hash":"d547e9439afbd11988f25cf8861d6ae48ff26fd1"}
,"C:\\Users\\yahya\\Downloads\\Collaboration-Tool-main\\Collaboration-Tool-main\\src\\components\\dashboard\\notificationcontext.jsx": {"path":"C:\\Users\\yahya\\Downloads\\Collaboration-Tool-main\\Collaboration-Tool-main\\src\\components\\dashboard\\notificationcontext.jsx","statementMap":{"0":{"start":{"line":6,"column":28},"end":{"line":6,"column":43}},"1":{"start":{"line":8,"column":36},"end":{"line":54,"column":1}},"2":{"start":{"line":9,"column":20},"end":{"line":9,"column":36}},"3":{"start":{"line":10,"column":44},"end":{"line":10,"column":56}},"4":{"start":{"line":11,"column":28},"end":{"line":11,"column":42}},"5":{"start":{"line":13,"column":2},"end":{"line":21,"column":9}},"6":{"start":{"line":14,"column":4},"end":{"line":14,"column":25}},"7":{"start":{"line":16,"column":21},"end":{"line":18,"column":12}},"8":{"start":{"line":17,"column":6},"end":{"line":17,"column":27}},"9":{"start":{"line":20,"column":4},"end":{"line":20,"column":41}},"10":{"start":{"line":20,"column":17},"end":{"line":20,"column":40}},"11":{"start":{"line":23,"column":29},"end":{"line":38,"column":3}},"12":{"start":{"line":24,"column":4},"end":{"line":37,"column":5}},"13":{"start":{"line":25,"column":23},"end":{"line":25,"column":99}},"14":{"start":{"line":26,"column":31},"end":{"line":26,"column":44}},"15":{"start":{"line":28,"column":6},"end":{"line":32,"column":7}},"16":{"start":{"line":29,"column":8},"end":{"line":29,"column":35}},"17":{"start":{"line":31,"column":8},"end":{"line":31,"column":47}},"18":{"start":{"line":31,"column":25},"end":{"line":31,"column":39}},"19":{"start":{"line":34,"column":6},"end":{"line":34,"column":41}},"20":{"start":{"line":36,"column":6},"end":{"line":36,"column":60}},"21":{"start":{"line":40,"column":29},"end":{"line":47,"column":3}},"22":{"start":{"line":41,"column":4},"end":{"line":46,"column":5}},"23":{"start":{"line":42,"column":6},"end":{"line":42,"column":83}},"24":{"start":{"line":43,"column":6},"end":{"line":43,"column":27}},"25":{"start":{"line":45,"column":6},"end":{"line":45,"column":60}},"26":{"start":{"line":49,"column":2},"end":{"line":53,"column":4}},"27":{"start":{"line":56,"column":32},"end":{"line":56,"column":75}},"28":{"start":{"line":56,"column":38},"end":{"line":56,"column":75}}},"fnMap":{"0":{"name":"(anonymous_0)","decl":{"start":{"line":8,"column":36},"end":{"line":8,"column":37}},"loc":{"start":{"line":8,"column":54},"end":{"line":54,"column":1}},"line":8},"1":{"name":"(anonymous_1)","decl":{"start":{"line":13,"column":12},"end":{"line":13,"column":13}},"loc":{"start":{"line":13,"column":18},"end":{"line":21,"column":3}},"line":13},"2":{"name":"(anonymous_2)","decl":{"start":{"line":16,"column":33},"end":{"line":16,"column":34}},"loc":{"start":{"line":16,"column":39},"end":{"line":18,"column":5}},"line":16},"3":{"name":"(anonymous_3)","decl":{"start":{"line":20,"column":11},"end":{"line":20,"column":12}},"loc":{"start":{"line":20,"column":17},"end":{"line":20,"column":40}},"line":20},"4":{"name":"(anonymous_4)","decl":{"start":{"line":23,"column":29},"end":{"line":23,"column":30}},"loc":{"start":{"line":23,"column":41},"end":{"line":38,"column":3}},"line":23},"5":{"name":"(anonymous_5)","decl":{"start":{"line":31,"column":19},"end":{"line":31,"column":20}},"loc":{"start":{"line":31,"column":25},"end":{"line":31,"column":39}},"line":31},"6":{"name":"(anonymous_6)","decl":{"start":{"line":40,"column":29},"end":{"line":40,"column":30}},"loc":{"start":{"line":40,"column":41},"end":{"line":47,"column":3}},"line":40},"7":{"name":"(anonymous_7)","decl":{"start":{"line":56,"column":32},"end":{"line":56,"column":33}},"loc":{"start":{"line":56,"column":38},"end":{"line":56,"column":75}},"line":56}},"branchMap":{"0":{"loc":{"start":{"line":28,"column":6},"end":{"line":32,"column":7}},"type":"if","locations":[{"start":{"line":28,"column":6},"end":{"line":32,"column":7}},{"start":{},"end":{}}],"line":28}},"s":{"0":1,"1":1,"2":4,"3":4,"4":4,"5":4,"6":2,"7":2,"8":0,"9":2,"10":2,"11":4,"12":2,"13":2,"14":2,"15":2,"16":1,"17":1,"18":0,"19":2,"20":0,"21":4,"22":0,"23":0,"24":0,"25":0,"26":4,"27":1,"28":0},"f":{"0":4,"1":2,"2":0,"3":2,"4":2,"5":0,"6":0,"7":0},"b":{"0":[1,1]},"_coverageSchema":"1a1c01bbd47fc00a2c39e90264f33305004495a9","hash":"ec7a1d5b7c8c097de38c540912957ee9cf2fba25"}
,"C:\\Users\\yahya\\Downloads\\Collaboration-Tool-main\\Collaboration-Tool-main\\src\\components\\dashboard\\review.jsx": {"path":"C:\\Users\\yahya\\Downloads\\Collaboration-Tool-main\\Collaboration-Tool-main\\src\\components\\dashboard\\review.jsx","statementMap":{"0":{"start":{"line":10,"column":15},"end":{"line":149,"column":1}},"1":{"start":{"line":11,"column":20},"end":{"line":11,"column":36}},"2":{"start":{"line":12,"column":28},"end":{"line":12,"column":40}},"3":{"start":{"line":15,"column":2},"end":{"line":27,"column":9}},"4":{"start":{"line":16,"column":23},"end":{"line":23,"column":5}},"5":{"start":{"line":17,"column":6},"end":{"line":22,"column":7}},"6":{"start":{"line":18,"column":25},"end":{"line":18,"column":86}},"7":{"start":{"line":19,"column":8},"end":{"line":19,"column":32}},"8":{"start":{"line":21,"column":8},"end":{"line":21,"column":54}},"9":{"start":{"line":25,"column":4},"end":{"line":25,"column":17}},"10":{"start":{"line":29,"column":23},"end":{"line":36,"column":3}},"11":{"start":{"line":30,"column":4},"end":{"line":35,"column":5}},"12":{"start":{"line":31,"column":23},"end":{"line":31,"column":98}},"13":{"start":{"line":32,"column":6},"end":{"line":32,"column":76}},"14":{"start":{"line":32,"column":34},"end":{"line":32,"column":72}},"15":{"start":{"line":34,"column":6},"end":{"line":34,"column":51}},"16":{"start":{"line":38,"column":29},"end":{"line":41,"column":3}},"17":{"start":{"line":39,"column":28},"end":{"line":39,"column":36}},"18":{"start":{"line":40,"column":4},"end":{"line":40,"column":40}},"19":{"start":{"line":43,"column":27},"end":{"line":46,"column":3}},"20":{"start":{"line":44,"column":18},"end":{"line":44,"column":32}},"21":{"start":{"line":45,"column":4},"end":{"line":45,"column":41}},"22":{"start":{"line":48,"column":23},"end":{"line":55,"column":3}},"23":{"start":{"line":49,"column":4},"end":{"line":54,"column":5}},"24":{"start":{"line":50,"column":6},"end":{"line":50,"column":71}},"25":{"start":{"line":51,"column":6},"end":{"line":51,"column":54}},"26":{"start":{"line":51,"column":36},"end":{"line":51,"column":51}},"27":{"start":{"line":53,"column":6},"end":{"line":53,"column":51}},"28":{"start":{"line":57,"column":20},"end":{"line":57,"column":58}},"29":{"start":{"line":59,"column":22},"end":{"line":71,"column":3}},"30":{"start":{"line":60,"column":18},"end":{"line":60,"column":56}},"31":{"start":{"line":61,"column":4},"end":{"line":69,"column":9}},"32":{"start":{"line":63,"column":24},"end":{"line":63,"column":53}},"33":{"start":{"line":64,"column":20},"end":{"line":64,"column":46}},"34":{"start":{"line":65,"column":25},"end":{"line":65,"column":28}},"35":{"start":{"line":66,"column":26},"end":{"line":66,"column":65}},"36":{"start":{"line":67,"column":8},"end":{"line":67,"column":64}},"37":{"start":{"line":68,"column":8},"end":{"line":68,"column":30}},"38":{"start":{"line":70,"column":6},"end":{"line":70,"column":31}},"39":{"start":{"line":73,"column":2},"end":{"line":148,"column":4}},"40":{"start":{"line":99,"column":16},"end":{"line":136,"column":21}},"41":{"start":{"line":103,"column":93},"end":{"line":103,"column":124}},"42":{"start":{"line":110,"column":101},"end":{"line":110,"column":132}},"43":{"start":{"line":116,"column":100},"end":{"line":116,"column":131}},"44":{"start":{"line":123,"column":150},"end":{"line":123,"column":179}},"45":{"start":{"line":126,"column":92},"end":{"line":126,"column":123}},"46":{"start":{"line":132,"column":43},"end":{"line":132,"column":65}}},"fnMap":{"0":{"name":"(anonymous_0)","decl":{"start":{"line":10,"column":15},"end":{"line":10,"column":16}},"loc":{"start":{"line":10,"column":21},"end":{"line":149,"column":1}},"line":10},"1":{"name":"(anonymous_1)","decl":{"start":{"line":15,"column":12},"end":{"line":15,"column":13}},"loc":{"start":{"line":15,"column":18},"end":{"line":27,"column":3}},"line":15},"2":{"name":"(anonymous_2)","decl":{"start":{"line":16,"column":23},"end":{"line":16,"column":24}},"loc":{"start":{"line":16,"column":35},"end":{"line":23,"column":5}},"line":16},"3":{"name":"(anonymous_3)","decl":{"start":{"line":29,"column":23},"end":{"line":29,"column":24}},"loc":{"start":{"line":29,"column":51},"end":{"line":36,"column":3}},"line":29},"4":{"name":"(anonymous_4)","decl":{"start":{"line":32,"column":25},"end":{"line":32,"column":26}},"loc":{"start":{"line":32,"column":34},"end":{"line":32,"column":72}},"line":32},"5":{"name":"(anonymous_5)","decl":{"start":{"line":38,"column":29},"end":{"line":38,"column":30}},"loc":{"start":{"line":38,"column":40},"end":{"line":41,"column":3}},"line":38},"6":{"name":"(anonymous_6)","decl":{"start":{"line":43,"column":27},"end":{"line":43,"column":28}},"loc":{"start":{"line":43,"column":38},"end":{"line":46,"column":3}},"line":43},"7":{"name":"(anonymous_7)","decl":{"start":{"line":48,"column":23},"end":{"line":48,"column":24}},"loc":{"start":{"line":48,"column":37},"end":{"line":55,"column":3}},"line":48},"8":{"name":"(anonymous_8)","decl":{"start":{"line":51,"column":28},"end":{"line":51,"column":29}},"loc":{"start":{"line":51,"column":36},"end":{"line":51,"column":51}},"line":51},"9":{"name":"(anonymous_9)","decl":{"start":{"line":59,"column":22},"end":{"line":59,"column":23}},"loc":{"start":{"line":59,"column":28},"end":{"line":71,"column":3}},"line":59},"10":{"name":"(anonymous_10)","decl":{"start":{"line":62,"column":12},"end":{"line":62,"column":13}},"loc":{"start":{"line":62,"column":24},"end":{"line":69,"column":7}},"line":62},"11":{"name":"(anonymous_11)","decl":{"start":{"line":98,"column":24},"end":{"line":98,"column":25}},"loc":{"start":{"line":99,"column":16},"end":{"line":136,"column":21}},"line":99},"12":{"name":"(anonymous_12)","decl":{"start":{"line":103,"column":86},"end":{"line":103,"column":87}},"loc":{"start":{"line":103,"column":93},"end":{"line":103,"column":124}},"line":103},"13":{"name":"(anonymous_13)","decl":{"start":{"line":110,"column":94},"end":{"line":110,"column":95}},"loc":{"start":{"line":110,"column":101},"end":{"line":110,"column":132}},"line":110},"14":{"name":"(anonymous_14)","decl":{"start":{"line":116,"column":93},"end":{"line":116,"column":94}},"loc":{"start":{"line":116,"column":100},"end":{"line":116,"column":131}},"line":116},"15":{"name":"(anonymous_15)","decl":{"start":{"line":123,"column":143},"end":{"line":123,"column":144}},"loc":{"start":{"line":123,"column":150},"end":{"line":123,"column":179}},"line":123},"16":{"name":"(anonymous_16)","decl":{"start":{"line":126,"column":85},"end":{"line":126,"column":86}},"loc":{"start":{"line":126,"column":92},"end":{"line":126,"column":123}},"line":126},"17":{"name":"(anonymous_17)","decl":{"start":{"line":132,"column":37},"end":{"line":132,"column":38}},"loc":{"start":{"line":132,"column":43},"end":{"line":132,"column":65}},"line":132}},"branchMap":{"0":{"loc":{"start":{"line":32,"column":34},"end":{"line":32,"column":72}},"type":"cond-expr","locations":[{"start":{"line":32,"column":52},"end":{"line":32,"column":65}},{"start":{"line":32,"column":68},"end":{"line":32,"column":72}}],"line":32},"1":{"loc":{"start":{"line":93,"column":13},"end":{"line":138,"column":13}},"type":"cond-expr","locations":[{"start":{"line":94,"column":14},"end":{"line":96,"column":19}},{"start":{"line":98,"column":14},"end":{"line":137,"column":16}}],"line":93},"2":{"loc":{"start":{"line":103,"column":51},"end":{"line":103,"column":74}},"type":"binary-expr","locations":[{"start":{"line":103,"column":51},"end":{"line":103,"column":64}},{"start":{"line":103,"column":68},"end":{"line":103,"column":74}}],"line":103},"3":{"loc":{"start":{"line":110,"column":55},"end":{"line":110,"column":82}},"type":"binary-expr","locations":[{"start":{"line":110,"column":55},"end":{"line":110,"column":72}},{"start":{"line":110,"column":76},"end":{"line":110,"column":82}}],"line":110},"4":{"loc":{"start":{"line":116,"column":51},"end":{"line":116,"column":81}},"type":"binary-expr","locations":[{"start":{"line":116,"column":51},"end":{"line":116,"column":64}},{"start":{"line":116,"column":68},"end":{"line":116,"column":81}}],"line":116},"5":{"loc":{"start":{"line":123,"column":75},"end":{"line":123,"column":131}},"type":"cond-expr","locations":[{"start":{"line":123,"column":90},"end":{"line":123,"column":119}},{"start":{"line":123,"column":122},"end":{"line":123,"column":131}}],"line":123},"6":{"loc":{"start":{"line":126,"column":49},"end":{"line":126,"column":73}},"type":"binary-expr","locations":[{"start":{"line":126,"column":49},"end":{"line":126,"column":60}},{"start":{"line":126,"column":64},"end":{"line":126,"column":73}}],"line":126}},"s":{"0":1,"1":5,"2":4,"3":4,"4":2,"5":2,"6":2,"7":2,"8":0,"9":2,"10":4,"11":0,"12":0,"13":0,"14":0,"15":0,"16":4,"17":0,"18":0,"19":4,"20":0,"21":0,"22":4,"23":0,"24":0,"25":0,"26":0,"27":0,"28":4,"29":4,"30":0,"31":0,"32":0,"33":0,"34":0,"35":0,"36":0,"37":0,"38":0,"39":4,"40":1,"41":0,"42":0,"43":0,"44":0,"45":0,"46":0},"f":{"0":5,"1":2,"2":2,"3":0,"4":0,"5":0,"6":0,"7":0,"8":0,"9":0,"10":0,"11":1,"12":0,"13":0,"14":0,"15":0,"16":0,"17":0},"b":{"0":[0,0],"1":[3,1],"2":[1,0],"3":[1,0],"4":[1,0],"5":[0,1],"6":[1,0]},"_coverageSchema":"1a1c01bbd47fc00a2c39e90264f33305004495a9","hash":"17ca97da30ce09527b39e9fa3a346b2340f1dd60"}
,"C:\\Users\\yahya\\Downloads\\Collaboration-Tool-main\\Collaboration-Tool-main\\src\\components\\dashboard\\todo.jsx": {"path":"C:\\Users\\yahya\\Downloads\\Collaboration-Tool-main\\Collaboration-Tool-main\\src\\components\\dashboard\\todo.jsx","statementMap":{"0":{"start":{"line":8,"column":13},"end":{"line":150,"column":1}},"1":{"start":{"line":9,"column":20},"end":{"line":9,"column":36}},"2":{"start":{"line":10,"column":26},"end":{"line":10,"column":38}},"3":{"start":{"line":11,"column":28},"end":{"line":11,"column":40}},"4":{"start":{"line":12,"column":32},"end":{"line":12,"column":44}},"5":{"start":{"line":13,"column":42},"end":{"line":13,"column":56}},"6":{"start":{"line":15,"column":2},"end":{"line":33,"column":14}},"7":{"start":{"line":16,"column":23},"end":{"line":24,"column":5}},"8":{"start":{"line":17,"column":6},"end":{"line":23,"column":7}},"9":{"start":{"line":18,"column":25},"end":{"line":18,"column":86}},"10":{"start":{"line":19,"column":8},"end":{"line":19,"column":40}},"11":{"start":{"line":21,"column":8},"end":{"line":21,"column":54}},"12":{"start":{"line":22,"column":8},"end":{"line":22,"column":23}},"13":{"start":{"line":26,"column":23},"end":{"line":26,"column":61}},"14":{"start":{"line":27,"column":4},"end":{"line":30,"column":5}},"15":{"start":{"line":28,"column":26},"end":{"line":28,"column":48}},"16":{"start":{"line":29,"column":6},"end":{"line":29,"column":28}},"17":{"start":{"line":32,"column":4},"end":{"line":32,"column":17}},"18":{"start":{"line":35,"column":19},"end":{"line":37,"column":3}},"19":{"start":{"line":36,"column":4},"end":{"line":36,"column":66}},"20":{"start":{"line":39,"column":25},"end":{"line":41,"column":3}},"21":{"start":{"line":40,"column":4},"end":{"line":40,"column":35}},"22":{"start":{"line":43,"column":21},"end":{"line":51,"column":3}},"23":{"start":{"line":44,"column":14},"end":{"line":44,"column":42}},"24":{"start":{"line":44,"column":30},"end":{"line":44,"column":41}},"25":{"start":{"line":45,"column":4},"end":{"line":50,"column":5}},"26":{"start":{"line":46,"column":6},"end":{"line":46,"column":22}},"27":{"start":{"line":47,"column":23},"end":{"line":47,"column":59}},"28":{"start":{"line":47,"column":44},"end":{"line":47,"column":58}},"29":{"start":{"line":48,"column":6},"end":{"line":48,"column":25}},"30":{"start":{"line":49,"column":6},"end":{"line":49,"column":17}},"31":{"start":{"line":53,"column":23},"end":{"line":57,"column":3}},"32":{"start":{"line":54,"column":21},"end":{"line":54,"column":57}},"33":{"start":{"line":54,"column":42},"end":{"line":54,"column":56}},"34":{"start":{"line":55,"column":4},"end":{"line":55,"column":23}},"35":{"start":{"line":56,"column":4},"end":{"line":56,"column":15}},"36":{"start":{"line":59,"column":20},"end":{"line":74,"column":3}},"37":{"start":{"line":60,"column":4},"end":{"line":73,"column":5}},"38":{"start":{"line":61,"column":26},"end":{"line":61,"column":82}},"39":{"start":{"line":62,"column":26},"end":{"line":64,"column":98}},"40":{"start":{"line":62,"column":45},"end":{"line":62,"column":91}},"41":{"start":{"line":63,"column":47},"end":{"line":63,"column":93}},"42":{"start":{"line":64,"column":51},"end":{"line":64,"column":97}},"43":{"start":{"line":65,"column":6},"end":{"line":68,"column":7}},"44":{"start":{"line":66,"column":8},"end":{"line":66,"column":64}},"45":{"start":{"line":67,"column":8},"end":{"line":67,"column":15}},"46":{"start":{"line":69,"column":22},"end":{"line":69,"column":82}},"47":{"start":{"line":70,"column":6},"end":{"line":70,"column":36}},"48":{"start":{"line":71,"column":6},"end":{"line":71,"column":18}},"49":{"start":{"line":72,"column":6},"end":{"line":72,"column":17}},"50":{"start":{"line":76,"column":23},"end":{"line":78,"column":3}},"51":{"start":{"line":77,"column":4},"end":{"line":77,"column":28}},"52":{"start":{"line":80,"column":25},"end":{"line":88,"column":3}},"53":{"start":{"line":81,"column":18},"end":{"line":81,"column":57}},"54":{"start":{"line":81,"column":42},"end":{"line":81,"column":56}},"55":{"start":{"line":82,"column":4},"end":{"line":87,"column":5}},"56":{"start":{"line":83,"column":23},"end":{"line":83,"column":33}},"57":{"start":{"line":84,"column":6},"end":{"line":84,"column":65}},"58":{"start":{"line":85,"column":6},"end":{"line":85,"column":25}},"59":{"start":{"line":86,"column":6},"end":{"line":86,"column":17}},"60":{"start":{"line":90,"column":22},"end":{"line":111,"column":3}},"61":{"start":{"line":91,"column":24},"end":{"line":91,"column":87}},"62":{"start":{"line":91,"column":61},"end":{"line":91,"column":84}},"63":{"start":{"line":92,"column":4},"end":{"line":95,"column":5}},"64":{"start":{"line":93,"column":6},"end":{"line":93,"column":85}},"65":{"start":{"line":94,"column":6},"end":{"line":94,"column":13}},"66":{"start":{"line":97,"column":4},"end":{"line":100,"column":5}},"67":{"start":{"line":98,"column":6},"end":{"line":98,"column":70}},"68":{"start":{"line":99,"column":6},"end":{"line":99,"column":13}},"69":{"start":{"line":102,"column":4},"end":{"line":110,"column":5}},"70":{"start":{"line":103,"column":23},"end":{"line":103,"column":87}},"71":{"start":{"line":104,"column":6},"end":{"line":104,"column":33}},"72":{"start":{"line":105,"column":6},"end":{"line":105,"column":44}},"73":{"start":{"line":106,"column":6},"end":{"line":106,"column":19}},"74":{"start":{"line":108,"column":6},"end":{"line":108,"column":56}},"75":{"start":{"line":109,"column":6},"end":{"line":109,"column":55}},"76":{"start":{"line":113,"column":2},"end":{"line":149,"column":4}},"77":{"start":{"line":130,"column":10},"end":{"line":140,"column":16}},"78":{"start":{"line":133,"column":54},"end":{"line":133,"column":80}},"79":{"start":{"line":137,"column":37},"end":{"line":137,"column":56}},"80":{"start":{"line":138,"column":37},"end":{"line":138,"column":58}}},"fnMap":{"0":{"name":"(anonymous_0)","decl":{"start":{"line":8,"column":13},"end":{"line":8,"column":14}},"loc":{"start":{"line":8,"column":19},"end":{"line":150,"column":1}},"line":8},"1":{"name":"(anonymous_1)","decl":{"start":{"line":15,"column":12},"end":{"line":15,"column":13}},"loc":{"start":{"line":15,"column":18},"end":{"line":33,"column":3}},"line":15},"2":{"name":"(anonymous_2)","decl":{"start":{"line":16,"column":23},"end":{"line":16,"column":24}},"loc":{"start":{"line":16,"column":35},"end":{"line":24,"column":5}},"line":16},"3":{"name":"(anonymous_3)","decl":{"start":{"line":35,"column":19},"end":{"line":35,"column":20}},"loc":{"start":{"line":35,"column":25},"end":{"line":37,"column":3}},"line":35},"4":{"name":"(anonymous_4)","decl":{"start":{"line":39,"column":25},"end":{"line":39,"column":26}},"loc":{"start":{"line":39,"column":31},"end":{"line":41,"column":3}},"line":39},"5":{"name":"(anonymous_5)","decl":{"start":{"line":43,"column":21},"end":{"line":43,"column":22}},"loc":{"start":{"line":43,"column":29},"end":{"line":51,"column":3}},"line":43},"6":{"name":"(anonymous_6)","decl":{"start":{"line":44,"column":25},"end":{"line":44,"column":26}},"loc":{"start":{"line":44,"column":30},"end":{"line":44,"column":41}},"line":44},"7":{"name":"(anonymous_7)","decl":{"start":{"line":47,"column":36},"end":{"line":47,"column":37}},"loc":{"start":{"line":47,"column":44},"end":{"line":47,"column":58}},"line":47},"8":{"name":"(anonymous_8)","decl":{"start":{"line":53,"column":23},"end":{"line":53,"column":24}},"loc":{"start":{"line":53,"column":31},"end":{"line":57,"column":3}},"line":53},"9":{"name":"(anonymous_9)","decl":{"start":{"line":54,"column":34},"end":{"line":54,"column":35}},"loc":{"start":{"line":54,"column":42},"end":{"line":54,"column":56}},"line":54},"10":{"name":"(anonymous_10)","decl":{"start":{"line":59,"column":20},"end":{"line":59,"column":21}},"loc":{"start":{"line":59,"column":26},"end":{"line":74,"column":3}},"line":59},"11":{"name":"(anonymous_11)","decl":{"start":{"line":62,"column":37},"end":{"line":62,"column":38}},"loc":{"start":{"line":62,"column":45},"end":{"line":62,"column":91}},"line":62},"12":{"name":"(anonymous_12)","decl":{"start":{"line":63,"column":39},"end":{"line":63,"column":40}},"loc":{"start":{"line":63,"column":47},"end":{"line":63,"column":93}},"line":63},"13":{"name":"(anonymous_13)","decl":{"start":{"line":64,"column":43},"end":{"line":64,"column":44}},"loc":{"start":{"line":64,"column":51},"end":{"line":64,"column":97}},"line":64},"14":{"name":"(anonymous_14)","decl":{"start":{"line":76,"column":23},"end":{"line":76,"column":24}},"loc":{"start":{"line":76,"column":30},"end":{"line":78,"column":3}},"line":76},"15":{"name":"(anonymous_15)","decl":{"start":{"line":80,"column":25},"end":{"line":80,"column":26}},"loc":{"start":{"line":80,"column":36},"end":{"line":88,"column":3}},"line":80},"16":{"name":"(anonymous_16)","decl":{"start":{"line":81,"column":34},"end":{"line":81,"column":35}},"loc":{"start":{"line":81,"column":42},"end":{"line":81,"column":56}},"line":81},"17":{"name":"(anonymous_17)","decl":{"start":{"line":90,"column":22},"end":{"line":90,"column":23}},"loc":{"start":{"line":90,"column":34},"end":{"line":111,"column":3}},"line":90},"18":{"name":"(anonymous_18)","decl":{"start":{"line":91,"column":53},"end":{"line":91,"column":54}},"loc":{"start":{"line":91,"column":61},"end":{"line":91,"column":84}},"line":91},"19":{"name":"(anonymous_19)","decl":{"start":{"line":129,"column":19},"end":{"line":129,"column":20}},"loc":{"start":{"line":130,"column":10},"end":{"line":140,"column":16}},"line":130},"20":{"name":"(anonymous_20)","decl":{"start":{"line":133,"column":47},"end":{"line":133,"column":48}},"loc":{"start":{"line":133,"column":54},"end":{"line":133,"column":80}},"line":133},"21":{"name":"(anonymous_21)","decl":{"start":{"line":137,"column":31},"end":{"line":137,"column":32}},"loc":{"start":{"line":137,"column":37},"end":{"line":137,"column":56}},"line":137},"22":{"name":"(anonymous_22)","decl":{"start":{"line":138,"column":31},"end":{"line":138,"column":32}},"loc":{"start":{"line":138,"column":37},"end":{"line":138,"column":58}},"line":138}},"branchMap":{"0":{"loc":{"start":{"line":19,"column":19},"end":{"line":19,"column":38}},"type":"binary-expr","locations":[{"start":{"line":19,"column":19},"end":{"line":19,"column":32}},{"start":{"line":19,"column":36},"end":{"line":19,"column":38}}],"line":19},"1":{"loc":{"start":{"line":27,"column":4},"end":{"line":30,"column":5}},"type":"if","locations":[{"start":{"line":27,"column":4},"end":{"line":30,"column":5}},{"start":{},"end":{}}],"line":27},"2":{"loc":{"start":{"line":45,"column":4},"end":{"line":50,"column":5}},"type":"if","locations":[{"start":{"line":45,"column":4},"end":{"line":50,"column":5}},{"start":{},"end":{}}],"line":45},"3":{"loc":{"start":{"line":60,"column":4},"end":{"line":73,"column":5}},"type":"if","locations":[{"start":{"line":60,"column":4},"end":{"line":73,"column":5}},{"start":{},"end":{}}],"line":60},"4":{"loc":{"start":{"line":61,"column":26},"end":{"line":61,"column":82}},"type":"binary-expr","locations":[{"start":{"line":61,"column":26},"end":{"line":61,"column":76}},{"start":{"line":61,"column":80},"end":{"line":61,"column":82}}],"line":61},"5":{"loc":{"start":{"line":62,"column":26},"end":{"line":64,"column":98}},"type":"binary-expr","locations":[{"start":{"line":62,"column":26},"end":{"line":62,"column":92}},{"start":{"line":63,"column":26},"end":{"line":63,"column":94}},{"start":{"line":64,"column":26},"end":{"line":64,"column":98}}],"line":62},"6":{"loc":{"start":{"line":65,"column":6},"end":{"line":68,"column":7}},"type":"if","locations":[{"start":{"line":65,"column":6},"end":{"line":68,"column":7}},{"start":{},"end":{}}],"line":65},"7":{"loc":{"start":{"line":82,"column":4},"end":{"line":87,"column":5}},"type":"if","locations":[{"start":{"line":82,"column":4},"end":{"line":87,"column":5}},{"start":{},"end":{}}],"line":82},"8":{"loc":{"start":{"line":92,"column":4},"end":{"line":95,"column":5}},"type":"if","locations":[{"start":{"line":92,"column":4},"end":{"line":95,"column":5}},{"start":{},"end":{}}],"line":92},"9":{"loc":{"start":{"line":97,"column":4},"end":{"line":100,"column":5}},"type":"if","locations":[{"start":{"line":97,"column":4},"end":{"line":100,"column":5}},{"start":{},"end":{}}],"line":97},"10":{"loc":{"start":{"line":128,"column":9},"end":{"line":128,"column":77}},"type":"binary-expr","locations":[{"start":{"line":128,"column":9},"end":{"line":128,"column":27}},{"start":{"line":128,"column":31},"end":{"line":128,"column":77}}],"line":128},"11":{"loc":{"start":{"line":130,"column":10},"end":{"line":140,"column":16}},"type":"binary-expr","locations":[{"start":{"line":130,"column":11},"end":{"line":130,"column":23}},{"start":{"line":130,"column":27},"end":{"line":130,"column":44}},{"start":{"line":131,"column":10},"end":{"line":140,"column":16}}],"line":130},"12":{"loc":{"start":{"line":134,"column":30},"end":{"line":134,"column":68}},"type":"cond-expr","locations":[{"start":{"line":134,"column":49},"end":{"line":134,"column":63}},{"start":{"line":134,"column":66},"end":{"line":134,"column":68}}],"line":134}},"s":{"0":1,"1":0,"2":0,"3":0,"4":0,"5":0,"6":0,"7":0,"8":0,"9":0,"10":0,"11":0,"12":0,"13":0,"14":0,"15":0,"16":0,"17":0,"18":0,"19":0,"20":0,"21":0,"22":0,"23":0,"24":0,"25":0,"26":0,"27":0,"28":0,"29":0,"30":0,"31":0,"32":0,"33":0,"34":0,"35":0,"36":0,"37":0,"38":0,"39":0,"40":0,"41":0,"42":0,"43":0,"44":0,"45":0,"46":0,"47":0,"48":0,"49":0,"50":0,"51":0,"52":0,"53":0,"54":0,"55":0,"56":0,"57":0,"58":0,"59":0,"60":0,"61":0,"62":0,"63":0,"64":0,"65":0,"66":0,"67":0,"68":0,"69":0,"70":0,"71":0,"72":0,"73":0,"74":0,"75":0,"76":0,"77":0,"78":0,"79":0,"80":0},"f":{"0":0,"1":0,"2":0,"3":0,"4":0,"5":0,"6":0,"7":0,"8":0,"9":0,"10":0,"11":0,"12":0,"13":0,"14":0,"15":0,"16":0,"17":0,"18":0,"19":0,"20":0,"21":0,"22":0},"b":{"0":[0,0],"1":[0,0],"2":[0,0],"3":[0,0],"4":[0,0],"5":[0,0,0],"6":[0,0],"7":[0,0],"8":[0,0],"9":[0,0],"10":[0,0],"11":[0,0,0],"12":[0,0]},"_coverageSchema":"1a1c01bbd47fc00a2c39e90264f33305004495a9","hash":"3d8dad9acbd96990d507afbc2c446954d4c7eb6d"}
,"C:\\Users\\yahya\\Downloads\\Collaboration-Tool-main\\Collaboration-Tool-main\\src\\components\\dashboard\\ts_AddModal.tsx": {"path":"C:\\Users\\yahya\\Downloads\\Collaboration-Tool-main\\Collaboration-Tool-main\\src\\components\\dashboard\\ts_AddModal.tsx","statementMap":{"0":{"start":{"line":18,"column":17},"end":{"line":194,"column":1}},"1":{"start":{"line":19,"column":28},"end":{"line":28,"column":5}},"2":{"start":{"line":30,"column":36},"end":{"line":30,"column":61}},"3":{"start":{"line":31,"column":36},"end":{"line":31,"column":48}},"4":{"start":{"line":32,"column":30},"end":{"line":32,"column":42}},"5":{"start":{"line":34,"column":25},"end":{"line":39,"column":5}},"6":{"start":{"line":37,"column":32},"end":{"line":37,"column":40}},"7":{"start":{"line":38,"column":8},"end":{"line":38,"column":52}},"8":{"start":{"line":41,"column":30},"end":{"line":54,"column":5}},"9":{"start":{"line":42,"column":8},"end":{"line":53,"column":9}},"10":{"start":{"line":43,"column":27},"end":{"line":43,"column":43}},"11":{"start":{"line":45,"column":12},"end":{"line":50,"column":14}},"12":{"start":{"line":46,"column":16},"end":{"line":49,"column":17}},"13":{"start":{"line":47,"column":38},"end":{"line":47,"column":63}},"14":{"start":{"line":48,"column":20},"end":{"line":48,"column":67}},"15":{"start":{"line":52,"column":12},"end":{"line":52,"column":52}},"16":{"start":{"line":57,"column":25},"end":{"line":64,"column":5}},"17":{"start":{"line":58,"column":8},"end":{"line":63,"column":9}},"18":{"start":{"line":59,"column":33},"end":{"line":59,"column":50}},"19":{"start":{"line":60,"column":32},"end":{"line":60,"column":68}},"20":{"start":{"line":61,"column":12},"end":{"line":61,"column":75}},"21":{"start":{"line":62,"column":12},"end":{"line":62,"column":28}},"22":{"start":{"line":66,"column":23},"end":{"line":69,"column":5}},"23":{"start":{"line":67,"column":8},"end":{"line":67,"column":18}},"24":{"start":{"line":68,"column":8},"end":{"line":68,"column":37}},"25":{"start":{"line":71,"column":25},"end":{"line":78,"column":5}},"26":{"start":{"line":72,"column":8},"end":{"line":77,"column":9}},"27":{"start":{"line":73,"column":12},"end":{"line":73,"column":36}},"28":{"start":{"line":74,"column":12},"end":{"line":74,"column":25}},"29":{"start":{"line":76,"column":12},"end":{"line":76,"column":103}},"30":{"start":{"line":80,"column":29},"end":{"line":94,"column":5}},"31":{"start":{"line":81,"column":8},"end":{"line":86,"column":9}},"32":{"start":{"line":85,"column":12},"end":{"line":85,"column":25}},"33":{"start":{"line":88,"column":8},"end":{"line":91,"column":9}},"34":{"start":{"line":89,"column":12},"end":{"line":89,"column":85}},"35":{"start":{"line":90,"column":12},"end":{"line":90,"column":25}},"36":{"start":{"line":93,"column":8},"end":{"line":93,"column":20}},"37":{"start":{"line":96,"column":4},"end":{"line":193,"column":6}},"38":{"start":{"line":145,"column":37},"end":{"line":145,"column":64}},"39":{"start":{"line":158,"column":24},"end":{"line":164,"column":30}}},"fnMap":{"0":{"name":"(anonymous_0)","decl":{"start":{"line":18,"column":17},"end":{"line":18,"column":18}},"loc":{"start":{"line":18,"column":73},"end":{"line":194,"column":1}},"line":18},"1":{"name":"(anonymous_1)","decl":{"start":{"line":34,"column":25},"end":{"line":34,"column":26}},"loc":{"start":{"line":36,"column":9},"end":{"line":39,"column":5}},"line":36},"2":{"name":"(anonymous_2)","decl":{"start":{"line":41,"column":30},"end":{"line":41,"column":31}},"loc":{"start":{"line":41,"column":74},"end":{"line":54,"column":5}},"line":41},"3":{"name":"(anonymous_3)","decl":{"start":{"line":45,"column":28},"end":{"line":45,"column":29}},"loc":{"start":{"line":45,"column":41},"end":{"line":50,"column":13}},"line":45},"4":{"name":"(anonymous_4)","decl":{"start":{"line":57,"column":25},"end":{"line":57,"column":26}},"loc":{"start":{"line":57,"column":31},"end":{"line":64,"column":5}},"line":57},"5":{"name":"(anonymous_5)","decl":{"start":{"line":66,"column":23},"end":{"line":66,"column":24}},"loc":{"start":{"line":66,"column":29},"end":{"line":69,"column":5}},"line":66},"6":{"name":"(anonymous_6)","decl":{"start":{"line":71,"column":25},"end":{"line":71,"column":26}},"loc":{"start":{"line":71,"column":31},"end":{"line":78,"column":5}},"line":71},"7":{"name":"(anonymous_7)","decl":{"start":{"line":80,"column":29},"end":{"line":80,"column":30}},"loc":{"start":{"line":80,"column":35},"end":{"line":94,"column":5}},"line":80},"8":{"name":"(anonymous_8)","decl":{"start":{"line":145,"column":30},"end":{"line":145,"column":31}},"loc":{"start":{"line":145,"column":37},"end":{"line":145,"column":64}},"line":145},"9":{"name":"(anonymous_9)","decl":{"start":{"line":157,"column":39},"end":{"line":157,"column":40}},"loc":{"start":{"line":158,"column":24},"end":{"line":164,"column":30}},"line":158}},"branchMap":{"0":{"loc":{"start":{"line":42,"column":8},"end":{"line":53,"column":9}},"type":"if","locations":[{"start":{"line":42,"column":8},"end":{"line":53,"column":9}},{"start":{},"end":{}}],"line":42},"1":{"loc":{"start":{"line":42,"column":12},"end":{"line":42,"column":47}},"type":"binary-expr","locations":[{"start":{"line":42,"column":12},"end":{"line":42,"column":26}},{"start":{"line":42,"column":30},"end":{"line":42,"column":47}}],"line":42},"2":{"loc":{"start":{"line":46,"column":16},"end":{"line":49,"column":17}},"type":"if","locations":[{"start":{"line":46,"column":16},"end":{"line":49,"column":17}},{"start":{},"end":{}}],"line":46},"3":{"loc":{"start":{"line":58,"column":8},"end":{"line":63,"column":9}},"type":"if","locations":[{"start":{"line":58,"column":8},"end":{"line":63,"column":9}},{"start":{},"end":{}}],"line":58},"4":{"loc":{"start":{"line":72,"column":8},"end":{"line":77,"column":9}},"type":"if","locations":[{"start":{"line":72,"column":8},"end":{"line":77,"column":9}},{"start":{"line":75,"column":15},"end":{"line":77,"column":9}}],"line":72},"5":{"loc":{"start":{"line":81,"column":8},"end":{"line":86,"column":9}},"type":"if","locations":[{"start":{"line":81,"column":8},"end":{"line":86,"column":9}},{"start":{},"end":{}}],"line":81},"6":{"loc":{"start":{"line":81,"column":12},"end":{"line":84,"column":38}},"type":"binary-expr","locations":[{"start":{"line":81,"column":12},"end":{"line":81,"column":40}},{"start":{"line":82,"column":12},"end":{"line":82,"column":46}},{"start":{"line":83,"column":12},"end":{"line":83,"column":43}},{"start":{"line":84,"column":12},"end":{"line":84,"column":38}}],"line":81},"7":{"loc":{"start":{"line":88,"column":8},"end":{"line":91,"column":9}},"type":"if","locations":[{"start":{"line":88,"column":8},"end":{"line":91,"column":9}},{"start":{},"end":{}}],"line":88},"8":{"loc":{"start":{"line":88,"column":12},"end":{"line":88,"column":60}},"type":"binary-expr","locations":[{"start":{"line":88,"column":12},"end":{"line":88,"column":34}},{"start":{"line":88,"column":38},"end":{"line":88,"column":60}}],"line":88},"9":{"loc":{"start":{"line":99,"column":16},"end":{"line":99,"column":42}},"type":"cond-expr","locations":[{"start":{"line":99,"column":25},"end":{"line":99,"column":31}},{"start":{"line":99,"column":34},"end":{"line":99,"column":42}}],"line":99},"10":{"loc":{"start":{"line":156,"column":21},"end":{"line":156,"column":56}},"type":"binary-expr","locations":[{"start":{"line":156,"column":21},"end":{"line":156,"column":34}},{"start":{"line":156,"column":38},"end":{"line":156,"column":56}}],"line":156},"11":{"loc":{"start":{"line":182,"column":21},"end":{"line":182,"column":135}},"type":"binary-expr","locations":[{"start":{"line":182,"column":21},"end":{"line":182,"column":35}},{"start":{"line":182,"column":39},"end":{"line":182,"column":135}}],"line":182},"12":{"loc":{"start":{"line":184,"column":17},"end":{"line":184,"column":73}},"type":"binary-expr","locations":[{"start":{"line":184,"column":17},"end":{"line":184,"column":22}},{"start":{"line":184,"column":26},"end":{"line":184,"column":73}}],"line":184}},"s":{"0":1,"1":0,"2":0,"3":0,"4":0,"5":0,"6":0,"7":0,"8":0,"9":0,"10":0,"11":0,"12":0,"13":0,"14":0,"15":0,"16":0,"17":0,"18":0,"19":0,"20":0,"21":0,"22":0,"23":0,"24":0,"25":0,"26":0,"27":0,"28":0,"29":0,"30":0,"31":0,"32":0,"33":0,"34":0,"35":0,"36":0,"37":0,"38":0,"39":0},"f":{"0":0,"1":0,"2":0,"3":0,"4":0,"5":0,"6":0,"7":0,"8":0,"9":0},"b":{"0":[0,0],"1":[0,0],"2":[0,0],"3":[0,0],"4":[0,0],"5":[0,0],"6":[0,0,0,0],"7":[0,0],"8":[0,0],"9":[0,0],"10":[0,0],"11":[0,0],"12":[0,0]},"_coverageSchema":"1a1c01bbd47fc00a2c39e90264f33305004495a9","hash":"5754195dd195262ff504b03707d735a4531daeb7"}
,"C:\\Users\\yahya\\Downloads\\Collaboration-Tool-main\\Collaboration-Tool-main\\src\\components\\dashboard\\ts_Task.tsx": {"path":"C:\\Users\\yahya\\Downloads\\Collaboration-Tool-main\\Collaboration-Tool-main\\src\\components\\dashboard\\ts_Task.tsx","statementMap":{"0":{"start":{"line":10,"column":13},"end":{"line":65,"column":1}},"1":{"start":{"line":11,"column":70},"end":{"line":11,"column":74}},"2":{"start":{"line":13,"column":1},"end":{"line":64,"column":3}},"3":{"start":{"line":30,"column":5},"end":{"line":36,"column":12}}},"fnMap":{"0":{"name":"(anonymous_0)","decl":{"start":{"line":10,"column":13},"end":{"line":10,"column":14}},"loc":{"start":{"line":10,"column":48},"end":{"line":65,"column":1}},"line":10},"1":{"name":"(anonymous_1)","decl":{"start":{"line":29,"column":14},"end":{"line":29,"column":15}},"loc":{"start":{"line":30,"column":5},"end":{"line":36,"column":12}},"line":30}},"branchMap":{"0":{"loc":{"start":{"line":20,"column":4},"end":{"line":27,"column":4}},"type":"binary-expr","locations":[{"start":{"line":20,"column":4},"end":{"line":20,"column":9}},{"start":{"line":21,"column":4},"end":{"line":26,"column":6}}],"line":20},"1":{"loc":{"start":{"line":55,"column":6},"end":{"line":59,"column":22}},"type":"cond-expr","locations":[{"start":{"line":56,"column":9},"end":{"line":56,"column":21}},{"start":{"line":57,"column":9},"end":{"line":59,"column":22}}],"line":55},"2":{"loc":{"start":{"line":57,"column":9},"end":{"line":59,"column":22}},"type":"cond-expr","locations":[{"start":{"line":58,"column":9},"end":{"line":58,"column":24}},{"start":{"line":59,"column":9},"end":{"line":59,"column":22}}],"line":57}},"s":{"0":1,"1":0,"2":0,"3":0},"f":{"0":0,"1":0},"b":{"0":[0,0],"1":[0,0],"2":[0,0]},"_coverageSchema":"1a1c01bbd47fc00a2c39e90264f33305004495a9","hash":"44cb3fcdf6e372a271c44eab2aa225f350270036"}
,"C:\\Users\\yahya\\Downloads\\Collaboration-Tool-main\\Collaboration-Tool-main\\src\\components\\dashboard\\ts_getRandomColors.ts": {"path":"C:\\Users\\yahya\\Downloads\\Collaboration-Tool-main\\Collaboration-Tool-main\\src\\components\\dashboard\\ts_getRandomColors.ts","statementMap":{"0":{"start":{"line":6,"column":41},"end":{"line":15,"column":1}},"1":{"start":{"line":17,"column":31},"end":{"line":21,"column":1}},"2":{"start":{"line":18,"column":14},"end":{"line":18,"column":33}},"3":{"start":{"line":19,"column":19},"end":{"line":19,"column":64}},"4":{"start":{"line":20,"column":1},"end":{"line":20,"column":26}}},"fnMap":{"0":{"name":"(anonymous_0)","decl":{"start":{"line":17,"column":31},"end":{"line":17,"column":32}},"loc":{"start":{"line":17,"column":44},"end":{"line":21,"column":1}},"line":17}},"branchMap":{},"s":{"0":1,"1":1,"2":0,"3":0,"4":0},"f":{"0":0},"b":{},"_coverageSchema":"1a1c01bbd47fc00a2c39e90264f33305004495a9","hash":"8c373816e7b2bcfa6064625de9489cedc06c16c0"}
,"C:\\Users\\yahya\\Downloads\\Collaboration-Tool-main\\Collaboration-Tool-main\\src\\components\\dashboard\\ts_ondragend.ts": {"path":"C:\\Users\\yahya\\Downloads\\Collaboration-Tool-main\\Collaboration-Tool-main\\src\\components\\dashboard\\ts_ondragend.ts","statementMap":{"0":{"start":{"line":2,"column":25},"end":{"line":38,"column":1}},"1":{"start":{"line":3,"column":1},"end":{"line":3,"column":33}},"2":{"start":{"line":3,"column":26},"end":{"line":3,"column":33}},"3":{"start":{"line":5,"column":33},"end":{"line":5,"column":39}},"4":{"start":{"line":7,"column":1},"end":{"line":37,"column":2}},"5":{"start":{"line":8,"column":23},"end":{"line":8,"column":50}},"6":{"start":{"line":9,"column":21},"end":{"line":9,"column":53}},"7":{"start":{"line":10,"column":22},"end":{"line":10,"column":45}},"8":{"start":{"line":11,"column":20},"end":{"line":11,"column":41}},"9":{"start":{"line":12,"column":20},"end":{"line":12,"column":55}},"10":{"start":{"line":13,"column":2},"end":{"line":13,"column":50}},"11":{"start":{"line":14,"column":2},"end":{"line":24,"column":5}},"12":{"start":{"line":26,"column":17},"end":{"line":26,"column":44}},"13":{"start":{"line":27,"column":22},"end":{"line":27,"column":39}},"14":{"start":{"line":28,"column":20},"end":{"line":28,"column":55}},"15":{"start":{"line":29,"column":2},"end":{"line":29,"column":52}},"16":{"start":{"line":30,"column":2},"end":{"line":36,"column":5}}},"fnMap":{"0":{"name":"(anonymous_0)","decl":{"start":{"line":2,"column":25},"end":{"line":2,"column":26}},"loc":{"start":{"line":2,"column":73},"end":{"line":38,"column":1}},"line":2}},"branchMap":{"0":{"loc":{"start":{"line":3,"column":1},"end":{"line":3,"column":33}},"type":"if","locations":[{"start":{"line":3,"column":1},"end":{"line":3,"column":33}},{"start":{},"end":{}}],"line":3},"1":{"loc":{"start":{"line":7,"column":1},"end":{"line":37,"column":2}},"type":"if","locations":[{"start":{"line":7,"column":1},"end":{"line":37,"column":2}},{"start":{"line":25,"column":8},"end":{"line":37,"column":2}}],"line":7}},"s":{"0":1,"1":0,"2":0,"3":0,"4":0,"5":0,"6":0,"7":0,"8":0,"9":0,"10":0,"11":0,"12":0,"13":0,"14":0,"15":0,"16":0},"f":{"0":0},"b":{"0":[0,0],"1":[0,0]},"_coverageSchema":"1a1c01bbd47fc00a2c39e90264f33305004495a9","hash":"a79ea8f7057671796c5544b73d27bb8c34e747de"}
,"C:\\Users\\yahya\\Downloads\\Collaboration-Tool-main\\Collaboration-Tool-main\\src\\components\\dashboard\\usercontext.tsx": {"path":"C:\\Users\\yahya\\Downloads\\Collaboration-Tool-main\\Collaboration-Tool-main\\src\\components\\dashboard\\usercontext.tsx","statementMap":{"0":{"start":{"line":8,"column":20},"end":{"line":11,"column":2}},"1":{"start":{"line":13,"column":30},"end":{"line":13,"column":59}},"2":{"start":{"line":13,"column":36},"end":{"line":13,"column":59}},"3":{"start":{"line":15,"column":38},"end":{"line":33,"column":1}},"4":{"start":{"line":16,"column":28},"end":{"line":18,"column":4}},"5":{"start":{"line":17,"column":4},"end":{"line":17,"column":41}},"6":{"start":{"line":20,"column":2},"end":{"line":26,"column":14}},"7":{"start":{"line":21,"column":4},"end":{"line":25,"column":5}},"8":{"start":{"line":22,"column":6},"end":{"line":22,"column":43}},"9":{"start":{"line":24,"column":6},"end":{"line":24,"column":39}},"10":{"start":{"line":28,"column":2},"end":{"line":32,"column":4}}},"fnMap":{"0":{"name":"(anonymous_0)","decl":{"start":{"line":10,"column":12},"end":{"line":10,"column":13}},"loc":{"start":{"line":10,"column":18},"end":{"line":10,"column":20}},"line":10},"1":{"name":"(anonymous_1)","decl":{"start":{"line":13,"column":30},"end":{"line":13,"column":31}},"loc":{"start":{"line":13,"column":36},"end":{"line":13,"column":59}},"line":13},"2":{"name":"(anonymous_2)","decl":{"start":{"line":15,"column":38},"end":{"line":15,"column":39}},"loc":{"start":{"line":15,"column":56},"end":{"line":33,"column":1}},"line":15},"3":{"name":"(anonymous_3)","decl":{"start":{"line":16,"column":52},"end":{"line":16,"column":53}},"loc":{"start":{"line":16,"column":58},"end":{"line":18,"column":3}},"line":16},"4":{"name":"(anonymous_4)","decl":{"start":{"line":20,"column":12},"end":{"line":20,"column":13}},"loc":{"start":{"line":20,"column":18},"end":{"line":26,"column":3}},"line":20}},"branchMap":{"0":{"loc":{"start":{"line":21,"column":4},"end":{"line":25,"column":5}},"type":"if","locations":[{"start":{"line":21,"column":4},"end":{"line":25,"column":5}},{"start":{"line":23,"column":11},"end":{"line":25,"column":5}}],"line":21}},"s":{"0":1,"1":1,"2":9,"3":1,"4":0,"5":0,"6":0,"7":0,"8":0,"9":0,"10":0},"f":{"0":0,"1":9,"2":0,"3":0,"4":0},"b":{"0":[0,0]},"_coverageSchema":"1a1c01bbd47fc00a2c39e90264f33305004495a9","hash":"53c264ea14a5eda6dbf9bd42a81d73a479f482ee"}
,"C:\\Users\\yahya\\Downloads\\Collaboration-Tool-main\\Collaboration-Tool-main\\src\\components\\dashboard\\visualize.jsx": {"path":"C:\\Users\\yahya\\Downloads\\Collaboration-Tool-main\\Collaboration-Tool-main\\src\\components\\dashboard\\visualize.jsx","statementMap":{"0":{"start":{"line":8,"column":18},"end":{"line":126,"column":1}},"1":{"start":{"line":9,"column":20},"end":{"line":9,"column":36}},"2":{"start":{"line":10,"column":42},"end":{"line":10,"column":54}},"3":{"start":{"line":11,"column":48},"end":{"line":11,"column":60}},"4":{"start":{"line":12,"column":48},"end":{"line":12,"column":60}},"5":{"start":{"line":13,"column":52},"end":{"line":13,"column":64}},"6":{"start":{"line":14,"column":36},"end":{"line":14,"column":51}},"7":{"start":{"line":17,"column":2},"end":{"line":39,"column":9}},"8":{"start":{"line":18,"column":22},"end":{"line":35,"column":5}},"9":{"start":{"line":19,"column":6},"end":{"line":34,"column":7}},"10":{"start":{"line":20,"column":37},"end":{"line":20,"column":116}},"11":{"start":{"line":21,"column":8},"end":{"line":21,"column":51}},"12":{"start":{"line":23,"column":40},"end":{"line":23,"column":122}},"13":{"start":{"line":24,"column":8},"end":{"line":24,"column":57}},"14":{"start":{"line":26,"column":40},"end":{"line":26,"column":122}},"15":{"start":{"line":27,"column":8},"end":{"line":27,"column":57}},"16":{"start":{"line":29,"column":42},"end":{"line":29,"column":126}},"17":{"start":{"line":30,"column":8},"end":{"line":30,"column":61}},"18":{"start":{"line":33,"column":8},"end":{"line":33,"column":53}},"19":{"start":{"line":37,"column":4},"end":{"line":37,"column":16}},"20":{"start":{"line":41,"column":25},"end":{"line":82,"column":3}},"21":{"start":{"line":42,"column":4},"end":{"line":42,"column":23}},"22":{"start":{"line":44,"column":16},"end":{"line":44,"column":42}},"23":{"start":{"line":47,"column":20},"end":{"line":47,"column":21}},"24":{"start":{"line":50,"column":26},"end":{"line":70,"column":5}},"25":{"start":{"line":51,"column":20},"end":{"line":51,"column":47}},"26":{"start":{"line":54,"column":6},"end":{"line":57,"column":7}},"27":{"start":{"line":55,"column":8},"end":{"line":55,"column":60}},"28":{"start":{"line":56,"column":8},"end":{"line":56,"column":15}},"29":{"start":{"line":60,"column":20},"end":{"line":60,"column":37}},"30":{"start":{"line":61,"column":21},"end":{"line":61,"column":39}},"31":{"start":{"line":64,"column":21},"end":{"line":64,"column":64}},"32":{"start":{"line":65,"column":22},"end":{"line":65,"column":51}},"33":{"start":{"line":68,"column":6},"end":{"line":68,"column":60}},"34":{"start":{"line":69,"column":6},"end":{"line":69,"column":23}},"35":{"start":{"line":73,"column":4},"end":{"line":73,"column":66}},"36":{"start":{"line":74,"column":4},"end":{"line":74,"column":64}},"37":{"start":{"line":75,"column":4},"end":{"line":75,"column":64}},"38":{"start":{"line":76,"column":4},"end":{"line":76,"column":75}},"39":{"start":{"line":79,"column":4},"end":{"line":79,"column":31}},"40":{"start":{"line":81,"column":4},"end":{"line":81,"column":24}},"41":{"start":{"line":85,"column":2},"end":{"line":125,"column":4}},"42":{"start":{"line":93,"column":82},"end":{"line":93,"column":142}},"43":{"start":{"line":100,"column":76},"end":{"line":100,"column":84}},"44":{"start":{"line":107,"column":76},"end":{"line":107,"column":84}},"45":{"start":{"line":114,"column":80},"end":{"line":114,"column":88}}},"fnMap":{"0":{"name":"(anonymous_0)","decl":{"start":{"line":8,"column":18},"end":{"line":8,"column":19}},"loc":{"start":{"line":8,"column":24},"end":{"line":126,"column":1}},"line":8},"1":{"name":"(anonymous_1)","decl":{"start":{"line":17,"column":12},"end":{"line":17,"column":13}},"loc":{"start":{"line":17,"column":18},"end":{"line":39,"column":3}},"line":17},"2":{"name":"(anonymous_2)","decl":{"start":{"line":18,"column":22},"end":{"line":18,"column":23}},"loc":{"start":{"line":18,"column":34},"end":{"line":35,"column":5}},"line":18},"3":{"name":"(anonymous_3)","decl":{"start":{"line":41,"column":25},"end":{"line":41,"column":26}},"loc":{"start":{"line":41,"column":37},"end":{"line":82,"column":3}},"line":41},"4":{"name":"(anonymous_4)","decl":{"start":{"line":50,"column":26},"end":{"line":50,"column":27}},"loc":{"start":{"line":50,"column":40},"end":{"line":70,"column":5}},"line":50},"5":{"name":"(anonymous_5)","decl":{"start":{"line":93,"column":72},"end":{"line":93,"column":73}},"loc":{"start":{"line":93,"column":82},"end":{"line":93,"column":142}},"line":93},"6":{"name":"(anonymous_6)","decl":{"start":{"line":100,"column":68},"end":{"line":100,"column":69}},"loc":{"start":{"line":100,"column":76},"end":{"line":100,"column":84}},"line":100},"7":{"name":"(anonymous_7)","decl":{"start":{"line":107,"column":68},"end":{"line":107,"column":69}},"loc":{"start":{"line":107,"column":76},"end":{"line":107,"column":84}},"line":107},"8":{"name":"(anonymous_8)","decl":{"start":{"line":114,"column":72},"end":{"line":114,"column":73}},"loc":{"start":{"line":114,"column":80},"end":{"line":114,"column":88}},"line":114}},"branchMap":{"0":{"loc":{"start":{"line":54,"column":6},"end":{"line":57,"column":7}},"type":"if","locations":[{"start":{"line":54,"column":6},"end":{"line":57,"column":7}},{"start":{},"end":{}}],"line":54},"1":{"loc":{"start":{"line":120,"column":145},"end":{"line":120,"column":193}},"type":"cond-expr","locations":[{"start":{"line":120,"column":157},"end":{"line":120,"column":188}},{"start":{"line":120,"column":191},"end":{"line":120,"column":193}}],"line":120},"2":{"loc":{"start":{"line":121,"column":11},"end":{"line":121,"column":59}},"type":"cond-expr","locations":[{"start":{"line":121,"column":23},"end":{"line":121,"column":37}},{"start":{"line":121,"column":40},"end":{"line":121,"column":59}}],"line":121}},"s":{"0":1,"1":0,"2":0,"3":0,"4":0,"5":0,"6":0,"7":0,"8":0,"9":0,"10":0,"11":0,"12":0,"13":0,"14":0,"15":0,"16":0,"17":0,"18":0,"19":0,"20":0,"21":0,"22":0,"23":0,"24":0,"25":0,"26":0,"27":0,"28":0,"29":0,"30":0,"31":0,"32":0,"33":0,"34":0,"35":0,"36":0,"37":0,"38":0,"39":0,"40":0,"41":0,"42":0,"43":0,"44":0,"45":0},"f":{"0":0,"1":0,"2":0,"3":0,"4":0,"5":0,"6":0,"7":0,"8":0},"b":{"0":[0,0],"1":[0,0],"2":[0,0]},"_coverageSchema":"1a1c01bbd47fc00a2c39e90264f33305004495a9","hash":"5d5ab3a738a54144a8c18c4343587a80767867c1"}
,"C:\\Users\\yahya\\Downloads\\Collaboration-Tool-main\\Collaboration-Tool-main\\src\\constants\\index.jsx": {"path":"C:\\Users\\yahya\\Downloads\\Collaboration-Tool-main\\Collaboration-Tool-main\\src\\constants\\index.jsx","statementMap":{"0":{"start":{"line":20,"column":24},"end":{"line":28,"column":1}},"1":{"start":{"line":31,"column":28},"end":{"line":68,"column":1}},"2":{"start":{"line":70,"column":24},"end":{"line":107,"column":1}},"3":{"start":{"line":109,"column":30},"end":{"line":130,"column":1}},"4":{"start":{"line":132,"column":30},"end":{"line":173,"column":1}},"5":{"start":{"line":175,"column":30},"end":{"line":179,"column":1}},"6":{"start":{"line":181,"column":29},"end":{"line":187,"column":1}},"7":{"start":{"line":189,"column":30},"end":{"line":195,"column":1}}},"fnMap":{},"branchMap":{},"s":{"0":1,"1":1,"2":1,"3":1,"4":1,"5":1,"6":1,"7":1},"f":{},"b":{},"_coverageSchema":"1a1c01bbd47fc00a2c39e90264f33305004495a9","hash":"395f70d9c1b263cec8e721d1a9c87b3eea6ef13a"}
}
